2020-04-27 15:34:38,691  INFO SpringBootTestContextBootstrapper:308 - Neither @ContextConfiguration nor @ContextHierarchy found for test class [com.tai.eureka.SpringTest], using SpringBootContextLoader
2020-04-27 15:34:38,706  INFO AbstractContextLoader:264 - Could not detect default resource locations for test class [com.tai.eureka.SpringTest]: no resource found for suffixes {-context.xml, Context.groovy}.
2020-04-27 15:34:38,708  INFO AnnotationConfigContextLoaderUtils:83 - Could not detect default configuration classes for test class [com.tai.eureka.SpringTest]: com.tai.eureka.SpringTest does not declare any static, non-private, non-final, nested classes annotated with @Configuration.
2020-04-27 15:37:37,912  INFO SpringBootTestContextBootstrapper:308 - Neither @ContextConfiguration nor @ContextHierarchy found for test class [com.tai.eureka.SpringTest], using SpringBootContextLoader
2020-04-27 15:37:37,928  INFO AbstractContextLoader:264 - Could not detect default resource locations for test class [com.tai.eureka.SpringTest]: no resource found for suffixes {-context.xml, Context.groovy}.
2020-04-27 15:37:37,930  INFO AnnotationConfigContextLoaderUtils:83 - Could not detect default configuration classes for test class [com.tai.eureka.SpringTest]: com.tai.eureka.SpringTest does not declare any static, non-private, non-final, nested classes annotated with @Configuration.
2020-04-27 15:41:25,938  INFO SpringBootTestContextBootstrapper:308 - Neither @ContextConfiguration nor @ContextHierarchy found for test class [com.tai.eureka.SpringTest], using SpringBootContextLoader
2020-04-27 15:41:25,978  INFO AbstractContextLoader:264 - Could not detect default resource locations for test class [com.tai.eureka.SpringTest]: no resource found for suffixes {-context.xml, Context.groovy}.
2020-04-27 15:41:25,981  INFO AnnotationConfigContextLoaderUtils:83 - Could not detect default configuration classes for test class [com.tai.eureka.SpringTest]: SpringTest does not declare any static, non-private, non-final, nested classes annotated with @Configuration.
2020-04-27 15:42:29,694  INFO SpringBootTestContextBootstrapper:308 - Neither @ContextConfiguration nor @ContextHierarchy found for test class [com.tai.eureka.SpringTest], using SpringBootContextLoader
2020-04-27 15:42:29,711  INFO AbstractContextLoader:264 - Could not detect default resource locations for test class [com.tai.eureka.SpringTest]: no resource found for suffixes {-context.xml, Context.groovy}.
2020-04-27 15:42:29,714  INFO AnnotationConfigContextLoaderUtils:83 - Could not detect default configuration classes for test class [com.tai.eureka.SpringTest]: SpringTest does not declare any static, non-private, non-final, nested classes annotated with @Configuration.
2020-04-27 15:44:33,911  INFO SpringBootTestContextBootstrapper:308 - Neither @ContextConfiguration nor @ContextHierarchy found for test class [com.tai.eureka.SpringTest], using SpringBootContextLoader
2020-04-27 15:44:33,927  INFO AbstractContextLoader:264 - Could not detect default resource locations for test class [com.tai.eureka.SpringTest]: no resource found for suffixes {-context.xml, Context.groovy}.
2020-04-27 15:44:33,930  INFO AnnotationConfigContextLoaderUtils:83 - Could not detect default configuration classes for test class [com.tai.eureka.SpringTest]: SpringTest does not declare any static, non-private, non-final, nested classes annotated with @Configuration.
2020-04-27 15:44:34,267  INFO SpringBootTestContextBootstrapper:235 - Found @SpringBootConfiguration com.tai.eureka.EurekaClientApplication for test class com.tai.eureka.SpringTest
2020-04-27 15:44:34,686  INFO SpringBootTestContextBootstrapper:248 - Loaded default TestExecutionListener class names from location [META-INF/spring.factories]: [org.springframework.boot.test.mock.mockito.MockitoTestExecutionListener, org.springframework.boot.test.mock.mockito.ResetMocksTestExecutionListener, org.springframework.boot.test.autoconfigure.restdocs.RestDocsTestExecutionListener, org.springframework.boot.test.autoconfigure.web.client.MockRestServiceServerResetTestExecutionListener, org.springframework.boot.test.autoconfigure.web.servlet.MockMvcPrintOnlyOnFailureTestExecutionListener, org.springframework.boot.test.autoconfigure.web.servlet.WebDriverTestExecutionListener, org.springframework.test.context.web.ServletTestExecutionListener, org.springframework.test.context.support.DirtiesContextBeforeModesTestExecutionListener, org.springframework.test.context.support.DependencyInjectionTestExecutionListener, org.springframework.test.context.support.DirtiesContextTestExecutionListener, org.springframework.test.context.transaction.TransactionalTestExecutionListener, org.springframework.test.context.jdbc.SqlScriptsTestExecutionListener, org.springframework.test.context.event.EventPublishingTestExecutionListener]
2020-04-27 15:44:34,722  INFO SpringBootTestContextBootstrapper:177 - Using TestExecutionListeners: [org.springframework.test.context.web.ServletTestExecutionListener@3e96bacf, org.springframework.test.context.support.DirtiesContextBeforeModesTestExecutionListener@484970b0, org.springframework.boot.test.mock.mockito.MockitoTestExecutionListener@4470f8a6, org.springframework.boot.test.autoconfigure.SpringBootDependencyInjectionTestExecutionListener@7c83dc97, org.springframework.test.context.support.DirtiesContextTestExecutionListener@7748410a, org.springframework.test.context.transaction.TransactionalTestExecutionListener@740773a3, org.springframework.test.context.jdbc.SqlScriptsTestExecutionListener@37f1104d, org.springframework.test.context.event.EventPublishingTestExecutionListener@55740540, org.springframework.boot.test.mock.mockito.ResetMocksTestExecutionListener@60015ef5, org.springframework.boot.test.autoconfigure.restdocs.RestDocsTestExecutionListener@2f54a33d, org.springframework.boot.test.autoconfigure.web.client.MockRestServiceServerResetTestExecutionListener@1018bde2, org.springframework.boot.test.autoconfigure.web.servlet.MockMvcPrintOnlyOnFailureTestExecutionListener@65b3f4a4, org.springframework.boot.test.autoconfigure.web.servlet.WebDriverTestExecutionListener@f2ff811]
2020-04-27 15:44:35,093  INFO Version:21 - HV000001: Hibernate Validator 6.0.18.Final
2020-04-27 15:44:39,598  INFO SpringTest:655 - The following profiles are active: dev
2020-04-27 15:44:42,582  INFO GenericScope:295 - BeanFactory id=fda0dc51-68d2-301f-9e20-c6d0455dd590
2020-04-27 15:44:43,418  INFO PostProcessorRegistrationDelegate$BeanPostProcessorChecker:330 - Bean 'org.springframework.transaction.annotation.ProxyTransactionManagementConfiguration' of type [org.springframework.transaction.annotation.ProxyTransactionManagementConfiguration] is not eligible for getting processed by all BeanPostProcessors (for example: not eligible for auto-proxying)
2020-04-27 15:44:46,210  INFO PropertySourcedRequestMappingHandlerMapping:69 - Mapped URL path [/v2/api-docs] onto method [springfox.documentation.swagger2.web.Swagger2Controller#getDocumentation(String, HttpServletRequest)]
2020-04-27 15:44:47,208  WARN URLConfigurationSource:121 - No URLs will be polled as dynamic configuration sources.
2020-04-27 15:44:47,209  INFO URLConfigurationSource:122 - To enable URLs as dynamic configuration sources, define System property archaius.configurationSource.additionalUrls or make config.properties available on classpath.
2020-04-27 15:44:47,257  WARN URLConfigurationSource:121 - No URLs will be polled as dynamic configuration sources.
2020-04-27 15:44:47,258  INFO URLConfigurationSource:122 - To enable URLs as dynamic configuration sources, define System property archaius.configurationSource.additionalUrls or make config.properties available on classpath.
2020-04-27 15:44:47,645  INFO ThreadPoolTaskExecutor:171 - Initializing ExecutorService 'applicationTaskExecutor'
2020-04-27 15:44:50,867  WARN BlockingLoadBalancerClientAutoConfiguration$BlockingLoadBalancerClientRibbonWarnLogger:86 - You already have RibbonLoadBalancerClient on your classpath. It will be used by default. As Spring Cloud Ribbon is in maintenance mode. We recommend switching to BlockingLoadBalancerClient instead. In order to use it, set the value of `spring.cloud.loadbalancer.ribbon.enabled` to `false` or remove spring-cloud-starter-netflix-ribbon from your project.
2020-04-27 15:44:51,190  INFO DocumentationPluginsBootstrapper:160 - Context refreshed
2020-04-27 15:44:51,369  INFO DocumentationPluginsBootstrapper:163 - Found 1 custom documentation plugin(s)
2020-04-27 15:44:51,478  INFO ApiListingReferenceScanner:41 - Scanning for api listing references
2020-04-27 15:44:52,106  INFO SpringTest:61 - Started SpringTest in 17.178 seconds (JVM running for 19.623)
2020-04-27 15:44:53,305  INFO SpringTest:28 - ip:192.168.2.156
2020-04-27 15:44:53,306  INFO SpringTest:29 - ip:-1
2020-04-27 15:44:53,376  INFO InstanceInfoFactory:72 - Setting initial instance status as: STARTING
2020-04-27 15:44:53,383  INFO EurekaServiceRegistry:65 - Unregistering application EUREKA-CLIENT-EXAMPLE1 with eureka with status DOWN
2020-04-27 15:44:53,389  INFO ThreadPoolTaskExecutor:208 - Shutting down ExecutorService 'applicationTaskExecutor'
