2020-04-28 15:26:22,362  INFO Version:21 - HV000001: Hibernate Validator 6.0.18.Final
2020-04-28 15:26:25,468  INFO EurekaClientApplication:651 - No active profile set, falling back to default profiles: default
2020-04-28 15:26:26,506  INFO GenericScope:295 - BeanFactory id=91dd82c8-b5ab-3bbc-a78d-db68c4c98f47
2020-04-28 15:26:27,039  INFO TomcatWebServer:92 - Tomcat initialized with port(s): 9002 (http)
2020-04-28 15:26:27,236  INFO ContextLoader:284 - Root WebApplicationContext: initialization completed in 1752 ms
2020-04-28 15:26:28,175  WARN URLConfigurationSource:121 - No URLs will be polled as dynamic configuration sources.
2020-04-28 15:26:28,176  INFO URLConfigurationSource:122 - To enable URLs as dynamic configuration sources, define System property archaius.configurationSource.additionalUrls or make config.properties available on classpath.
2020-04-28 15:26:28,181  WARN URLConfigurationSource:121 - No URLs will be polled as dynamic configuration sources.
2020-04-28 15:26:28,181  INFO URLConfigurationSource:122 - To enable URLs as dynamic configuration sources, define System property archaius.configurationSource.additionalUrls or make config.properties available on classpath.
2020-04-28 15:26:28,328  INFO ThreadPoolTaskExecutor:171 - Initializing ExecutorService 'applicationTaskExecutor'
2020-04-28 15:26:29,471  WARN BlockingLoadBalancerClientAutoConfiguration$BlockingLoadBalancerClientRibbonWarnLogger:86 - You already have RibbonLoadBalancerClient on your classpath. It will be used by default. As Spring Cloud Ribbon is in maintenance mode. We recommend switching to BlockingLoadBalancerClient instead. In order to use it, set the value of `spring.cloud.loadbalancer.ribbon.enabled` to `false` or remove spring-cloud-starter-netflix-ribbon from your project.
2020-04-28 15:26:29,579  INFO InstanceInfoFactory:72 - Setting initial instance status as: STARTING
2020-04-28 15:26:29,636  INFO DiscoveryClient:368 - Initializing Eureka in region us-east-1
2020-04-28 15:26:30,013  INFO DiscoveryJerseyProvider:70 - Using JSON encoding codec LegacyJacksonJson
2020-04-28 15:26:30,013  INFO DiscoveryJerseyProvider:71 - Using JSON decoding codec LegacyJacksonJson
2020-04-28 15:26:30,176  INFO DiscoveryJerseyProvider:80 - Using XML encoding codec XStreamXml
2020-04-28 15:26:30,177  INFO DiscoveryJerseyProvider:81 - Using XML decoding codec XStreamXml
2020-04-28 15:26:30,438  INFO ConfigClusterResolver:43 - Resolving eureka endpoints via configuration
2020-04-28 15:26:30,840  INFO DiscoveryClient:981 - Disable delta property : false
2020-04-28 15:26:30,840  INFO DiscoveryClient:982 - Single vip registry refresh property : null
2020-04-28 15:26:30,840  INFO DiscoveryClient:983 - Force full registry fetch : false
2020-04-28 15:26:30,841  INFO DiscoveryClient:984 - Application is null : false
2020-04-28 15:26:30,841  INFO DiscoveryClient:985 - Registered Applications size is zero : true
2020-04-28 15:26:30,841  INFO DiscoveryClient:987 - Application version is -1: true
2020-04-28 15:26:30,841  INFO DiscoveryClient:1070 - Getting all instance registry info from the eureka server
2020-04-28 15:26:31,106  INFO DiscoveryClient:1079 - The response status is 200
2020-04-28 15:26:31,109  INFO DiscoveryClient:1294 - Starting heartbeat executor: renew interval is: 5
2020-04-28 15:26:31,112  INFO InstanceInfoReplicator:60 - InstanceInfoReplicator onDemand update allowed rate per min is 4
2020-04-28 15:26:31,116  INFO DiscoveryClient:468 - Discovery Client initialized at timestamp 1588058791115 with initial instances count: 1
2020-04-28 15:26:31,117  INFO EurekaServiceRegistry:41 - Registering application EUREKA-CLIENT-EXAMPLE2 with eureka with status UP
2020-04-28 15:26:31,119  INFO DiscoveryClient:1330 - Saw local status change event StatusChangeEvent [timestamp=1588058791119, current=UP, previous=STARTING]
2020-04-28 15:26:31,149  INFO DiscoveryClient:847 - DiscoveryClient_EUREKA-CLIENT-EXAMPLE2/192.168.2.156:9002: registering service...
2020-04-28 15:26:31,200  INFO DiscoveryClient:856 - DiscoveryClient_EUREKA-CLIENT-EXAMPLE2/192.168.2.156:9002 - registration status: 204
2020-04-28 15:26:31,219  INFO TomcatWebServer:204 - Tomcat started on port(s): 9002 (http) with context path ''
2020-04-28 15:26:31,220  INFO EurekaAutoServiceRegistration:145 - Updating port to 9002
2020-04-28 15:26:32,009  INFO EurekaClientApplication:61 - Started EurekaClientApplication in 10.141 seconds (JVM running for 13.327)
