2020-04-22 15:06:58,931  INFO Version:21 - HV000001: Hibernate Validator 6.0.18.Final
2020-04-22 15:06:59,714  INFO EurekaClientApplication:55 - Starting EurekaClientApplication on GAOMING with PID 13472 (F:\IDEA_workspace\spring_colud\eureka_client_example1\target\classes started by gaoming in F:\IDEA_workspace\spring_colud)
2020-04-22 15:06:59,716  INFO EurekaClientApplication:655 - The following profiles are active: dev
2020-04-22 15:07:02,225  WARN ClassPathMapperScanner:166 - No MyBatis mapper was found in '[com.gm.springmvcdemo.dao]' package. Please check your configuration.
2020-04-22 15:07:03,391  INFO PostProcessorRegistrationDelegate$BeanPostProcessorChecker:330 - Bean 'org.springframework.transaction.annotation.ProxyTransactionManagementConfiguration' of type [org.springframework.transaction.annotation.ProxyTransactionManagementConfiguration] is not eligible for getting processed by all BeanPostProcessors (for example: not eligible for auto-proxying)
2020-04-22 15:07:04,645  INFO TomcatWebServer:92 - Tomcat initialized with port(s): 8080 (http)
2020-04-22 15:07:04,991  INFO ContextLoader:284 - Root WebApplicationContext: initialization completed in 4988 ms
2020-04-22 15:07:05,802  WARN AnnotationConfigServletWebServerApplicationContext:558 - Exception encountered during context initialization - cancelling refresh attempt: org.springframework.beans.factory.UnsatisfiedDependencyException: Error creating bean with name 'tbhCaseController': Unsatisfied dependency expressed through field 'tbhCaseService'; nested exception is org.springframework.beans.factory.UnsatisfiedDependencyException: Error creating bean with name 'tbhCaseServiceImpl': Unsatisfied dependency expressed through field 'caseMapper'; nested exception is org.springframework.beans.factory.UnsatisfiedDependencyException: Error creating bean with name 'tbhCaseMapper' defined in file [F:\IDEA_workspace\spring_colud\eureka_client_example1\target\classes\com\tai\eureka\dao\TbhCaseMapper.class]: Unsatisfied dependency expressed through bean property 'sqlSessionFactory'; nested exception is org.springframework.beans.factory.BeanCreationException: Error creating bean with name 'sqlSessionFactory' defined in class path resource [org/mybatis/spring/boot/autoconfigure/MybatisAutoConfiguration.class]: Bean instantiation via factory method failed; nested exception is org.springframework.beans.BeanInstantiationException: Failed to instantiate [org.apache.ibatis.session.SqlSessionFactory]: Factory method 'sqlSessionFactory' threw exception; nested exception is org.springframework.core.NestedIOException: Failed to parse mapping resource: 'file [F:\IDEA_workspace\spring_colud\eureka_client_example1\target\classes\mapper\userMapper.xml]'; nested exception is org.apache.ibatis.builder.BuilderException: Error parsing Mapper XML. The XML location is 'file [F:\IDEA_workspace\spring_colud\eureka_client_example1\target\classes\mapper\userMapper.xml]'. Cause: org.apache.ibatis.builder.BuilderException: Error resolving class. Cause: org.apache.ibatis.type.TypeException: Could not resolve type alias 'com.gm.springmvcdemo.domain.User'.  Cause: java.lang.ClassNotFoundException: Cannot find class: com.gm.springmvcdemo.domain.User
2020-04-22 15:07:05,824  INFO ConditionEvaluationReportLoggingListener:136 - 

Error starting ApplicationContext. To display the conditions report re-run your application with 'debug' enabled.
2020-04-22 15:07:05,827 ERROR SpringApplication:826 - Application run failed
org.springframework.beans.factory.UnsatisfiedDependencyException: Error creating bean with name 'tbhCaseController': Unsatisfied dependency expressed through field 'tbhCaseService'; nested exception is org.springframework.beans.factory.UnsatisfiedDependencyException: Error creating bean with name 'tbhCaseServiceImpl': Unsatisfied dependency expressed through field 'caseMapper'; nested exception is org.springframework.beans.factory.UnsatisfiedDependencyException: Error creating bean with name 'tbhCaseMapper' defined in file [F:\IDEA_workspace\spring_colud\eureka_client_example1\target\classes\com\tai\eureka\dao\TbhCaseMapper.class]: Unsatisfied dependency expressed through bean property 'sqlSessionFactory'; nested exception is org.springframework.beans.factory.BeanCreationException: Error creating bean with name 'sqlSessionFactory' defined in class path resource [org/mybatis/spring/boot/autoconfigure/MybatisAutoConfiguration.class]: Bean instantiation via factory method failed; nested exception is org.springframework.beans.BeanInstantiationException: Failed to instantiate [org.apache.ibatis.session.SqlSessionFactory]: Factory method 'sqlSessionFactory' threw exception; nested exception is org.springframework.core.NestedIOException: Failed to parse mapping resource: 'file [F:\IDEA_workspace\spring_colud\eureka_client_example1\target\classes\mapper\userMapper.xml]'; nested exception is org.apache.ibatis.builder.BuilderException: Error parsing Mapper XML. The XML location is 'file [F:\IDEA_workspace\spring_colud\eureka_client_example1\target\classes\mapper\userMapper.xml]'. Cause: org.apache.ibatis.builder.BuilderException: Error resolving class. Cause: org.apache.ibatis.type.TypeException: Could not resolve type alias 'com.gm.springmvcdemo.domain.User'.  Cause: java.lang.ClassNotFoundException: Cannot find class: com.gm.springmvcdemo.domain.User
	at org.springframework.beans.factory.annotation.AutowiredAnnotationBeanPostProcessor$AutowiredFieldElement.inject(AutowiredAnnotationBeanPostProcessor.java:643)
	at org.springframework.beans.factory.annotation.InjectionMetadata.inject(InjectionMetadata.java:116)
	at org.springframework.beans.factory.annotation.AutowiredAnnotationBeanPostProcessor.postProcessProperties(AutowiredAnnotationBeanPostProcessor.java:399)
	at org.springframework.beans.factory.support.AbstractAutowireCapableBeanFactory.populateBean(AbstractAutowireCapableBeanFactory.java:1422)
	at org.springframework.beans.factory.support.AbstractAutowireCapableBeanFactory.doCreateBean(AbstractAutowireCapableBeanFactory.java:594)
	at org.springframework.beans.factory.support.AbstractAutowireCapableBeanFactory.createBean(AbstractAutowireCapableBeanFactory.java:517)
	at org.springframework.beans.factory.support.AbstractBeanFactory.lambda$doGetBean$0(AbstractBeanFactory.java:323)
	at org.springframework.beans.factory.support.DefaultSingletonBeanRegistry.getSingleton(DefaultSingletonBeanRegistry.java:222)
	at org.springframework.beans.factory.support.AbstractBeanFactory.doGetBean(AbstractBeanFactory.java:321)
	at org.springframework.beans.factory.support.AbstractBeanFactory.getBean(AbstractBeanFactory.java:202)
	at org.springframework.beans.factory.support.DefaultListableBeanFactory.preInstantiateSingletons(DefaultListableBeanFactory.java:879)
	at org.springframework.context.support.AbstractApplicationContext.finishBeanFactoryInitialization(AbstractApplicationContext.java:878)
	at org.springframework.context.support.AbstractApplicationContext.refresh(AbstractApplicationContext.java:550)
	at org.springframework.boot.web.servlet.context.ServletWebServerApplicationContext.refresh(ServletWebServerApplicationContext.java:141)
	at org.springframework.boot.SpringApplication.refresh(SpringApplication.java:747)
	at org.springframework.boot.SpringApplication.refreshContext(SpringApplication.java:397)
	at org.springframework.boot.SpringApplication.run(SpringApplication.java:315)
	at org.springframework.boot.SpringApplication.run(SpringApplication.java:1226)
	at org.springframework.boot.SpringApplication.run(SpringApplication.java:1215)
	at com.tai.eureka.EurekaClientApplication.main(EurekaClientApplication.java:12)
	at sun.reflect.NativeMethodAccessorImpl.invoke0(Native Method)
	at sun.reflect.NativeMethodAccessorImpl.invoke(NativeMethodAccessorImpl.java:62)
	at sun.reflect.DelegatingMethodAccessorImpl.invoke(DelegatingMethodAccessorImpl.java:43)
	at java.lang.reflect.Method.invoke(Method.java:498)
	at com.intellij.rt.execution.application.AppMain.main(AppMain.java:144)
Caused by: org.springframework.beans.factory.UnsatisfiedDependencyException: Error creating bean with name 'tbhCaseServiceImpl': Unsatisfied dependency expressed through field 'caseMapper'; nested exception is org.springframework.beans.factory.UnsatisfiedDependencyException: Error creating bean with name 'tbhCaseMapper' defined in file [F:\IDEA_workspace\spring_colud\eureka_client_example1\target\classes\com\tai\eureka\dao\TbhCaseMapper.class]: Unsatisfied dependency expressed through bean property 'sqlSessionFactory'; nested exception is org.springframework.beans.factory.BeanCreationException: Error creating bean with name 'sqlSessionFactory' defined in class path resource [org/mybatis/spring/boot/autoconfigure/MybatisAutoConfiguration.class]: Bean instantiation via factory method failed; nested exception is org.springframework.beans.BeanInstantiationException: Failed to instantiate [org.apache.ibatis.session.SqlSessionFactory]: Factory method 'sqlSessionFactory' threw exception; nested exception is org.springframework.core.NestedIOException: Failed to parse mapping resource: 'file [F:\IDEA_workspace\spring_colud\eureka_client_example1\target\classes\mapper\userMapper.xml]'; nested exception is org.apache.ibatis.builder.BuilderException: Error parsing Mapper XML. The XML location is 'file [F:\IDEA_workspace\spring_colud\eureka_client_example1\target\classes\mapper\userMapper.xml]'. Cause: org.apache.ibatis.builder.BuilderException: Error resolving class. Cause: org.apache.ibatis.type.TypeException: Could not resolve type alias 'com.gm.springmvcdemo.domain.User'.  Cause: java.lang.ClassNotFoundException: Cannot find class: com.gm.springmvcdemo.domain.User
	at org.springframework.beans.factory.annotation.AutowiredAnnotationBeanPostProcessor$AutowiredFieldElement.inject(AutowiredAnnotationBeanPostProcessor.java:643)
	at org.springframework.beans.factory.annotation.InjectionMetadata.inject(InjectionMetadata.java:116)
	at org.springframework.beans.factory.annotation.AutowiredAnnotationBeanPostProcessor.postProcessProperties(AutowiredAnnotationBeanPostProcessor.java:399)
	at org.springframework.beans.factory.support.AbstractAutowireCapableBeanFactory.populateBean(AbstractAutowireCapableBeanFactory.java:1422)
	at org.springframework.beans.factory.support.AbstractAutowireCapableBeanFactory.doCreateBean(AbstractAutowireCapableBeanFactory.java:594)
	at org.springframework.beans.factory.support.AbstractAutowireCapableBeanFactory.createBean(AbstractAutowireCapableBeanFactory.java:517)
	at org.springframework.beans.factory.support.AbstractBeanFactory.lambda$doGetBean$0(AbstractBeanFactory.java:323)
	at org.springframework.beans.factory.support.DefaultSingletonBeanRegistry.getSingleton(DefaultSingletonBeanRegistry.java:222)
	at org.springframework.beans.factory.support.AbstractBeanFactory.doGetBean(AbstractBeanFactory.java:321)
	at org.springframework.beans.factory.support.AbstractBeanFactory.getBean(AbstractBeanFactory.java:202)
	at org.springframework.beans.factory.config.DependencyDescriptor.resolveCandidate(DependencyDescriptor.java:276)
	at org.springframework.beans.factory.support.DefaultListableBeanFactory.doResolveDependency(DefaultListableBeanFactory.java:1287)
	at org.springframework.beans.factory.support.DefaultListableBeanFactory.resolveDependency(DefaultListableBeanFactory.java:1207)
	at org.springframework.beans.factory.annotation.AutowiredAnnotationBeanPostProcessor$AutowiredFieldElement.inject(AutowiredAnnotationBeanPostProcessor.java:640)
	... 24 more
Caused by: org.springframework.beans.factory.UnsatisfiedDependencyException: Error creating bean with name 'tbhCaseMapper' defined in file [F:\IDEA_workspace\spring_colud\eureka_client_example1\target\classes\com\tai\eureka\dao\TbhCaseMapper.class]: Unsatisfied dependency expressed through bean property 'sqlSessionFactory'; nested exception is org.springframework.beans.factory.BeanCreationException: Error creating bean with name 'sqlSessionFactory' defined in class path resource [org/mybatis/spring/boot/autoconfigure/MybatisAutoConfiguration.class]: Bean instantiation via factory method failed; nested exception is org.springframework.beans.BeanInstantiationException: Failed to instantiate [org.apache.ibatis.session.SqlSessionFactory]: Factory method 'sqlSessionFactory' threw exception; nested exception is org.springframework.core.NestedIOException: Failed to parse mapping resource: 'file [F:\IDEA_workspace\spring_colud\eureka_client_example1\target\classes\mapper\userMapper.xml]'; nested exception is org.apache.ibatis.builder.BuilderException: Error parsing Mapper XML. The XML location is 'file [F:\IDEA_workspace\spring_colud\eureka_client_example1\target\classes\mapper\userMapper.xml]'. Cause: org.apache.ibatis.builder.BuilderException: Error resolving class. Cause: org.apache.ibatis.type.TypeException: Could not resolve type alias 'com.gm.springmvcdemo.domain.User'.  Cause: java.lang.ClassNotFoundException: Cannot find class: com.gm.springmvcdemo.domain.User
	at org.springframework.beans.factory.support.AbstractAutowireCapableBeanFactory.autowireByType(AbstractAutowireCapableBeanFactory.java:1526)
	at org.springframework.beans.factory.support.AbstractAutowireCapableBeanFactory.populateBean(AbstractAutowireCapableBeanFactory.java:1406)
	at org.springframework.beans.factory.support.AbstractAutowireCapableBeanFactory.doCreateBean(AbstractAutowireCapableBeanFactory.java:594)
	at org.springframework.beans.factory.support.AbstractAutowireCapableBeanFactory.createBean(AbstractAutowireCapableBeanFactory.java:517)
	at org.springframework.beans.factory.support.AbstractBeanFactory.lambda$doGetBean$0(AbstractBeanFactory.java:323)
	at org.springframework.beans.factory.support.DefaultSingletonBeanRegistry.getSingleton(DefaultSingletonBeanRegistry.java:222)
	at org.springframework.beans.factory.support.AbstractBeanFactory.doGetBean(AbstractBeanFactory.java:321)
	at org.springframework.beans.factory.support.AbstractBeanFactory.getBean(AbstractBeanFactory.java:202)
	at org.springframework.beans.factory.config.DependencyDescriptor.resolveCandidate(DependencyDescriptor.java:276)
	at org.springframework.beans.factory.support.DefaultListableBeanFactory.doResolveDependency(DefaultListableBeanFactory.java:1287)
	at org.springframework.beans.factory.support.DefaultListableBeanFactory.resolveDependency(DefaultListableBeanFactory.java:1207)
	at org.springframework.beans.factory.annotation.AutowiredAnnotationBeanPostProcessor$AutowiredFieldElement.inject(AutowiredAnnotationBeanPostProcessor.java:640)
	... 37 more
Caused by: org.springframework.beans.factory.BeanCreationException: Error creating bean with name 'sqlSessionFactory' defined in class path resource [org/mybatis/spring/boot/autoconfigure/MybatisAutoConfiguration.class]: Bean instantiation via factory method failed; nested exception is org.springframework.beans.BeanInstantiationException: Failed to instantiate [org.apache.ibatis.session.SqlSessionFactory]: Factory method 'sqlSessionFactory' threw exception; nested exception is org.springframework.core.NestedIOException: Failed to parse mapping resource: 'file [F:\IDEA_workspace\spring_colud\eureka_client_example1\target\classes\mapper\userMapper.xml]'; nested exception is org.apache.ibatis.builder.BuilderException: Error parsing Mapper XML. The XML location is 'file [F:\IDEA_workspace\spring_colud\eureka_client_example1\target\classes\mapper\userMapper.xml]'. Cause: org.apache.ibatis.builder.BuilderException: Error resolving class. Cause: org.apache.ibatis.type.TypeException: Could not resolve type alias 'com.gm.springmvcdemo.domain.User'.  Cause: java.lang.ClassNotFoundException: Cannot find class: com.gm.springmvcdemo.domain.User
	at org.springframework.beans.factory.support.ConstructorResolver.instantiate(ConstructorResolver.java:656)
	at org.springframework.beans.factory.support.ConstructorResolver.instantiateUsingFactoryMethod(ConstructorResolver.java:636)
	at org.springframework.beans.factory.support.AbstractAutowireCapableBeanFactory.instantiateUsingFactoryMethod(AbstractAutowireCapableBeanFactory.java:1338)
	at org.springframework.beans.factory.support.AbstractAutowireCapableBeanFactory.createBeanInstance(AbstractAutowireCapableBeanFactory.java:1177)
	at org.springframework.beans.factory.support.AbstractAutowireCapableBeanFactory.doCreateBean(AbstractAutowireCapableBeanFactory.java:557)
	at org.springframework.beans.factory.support.AbstractAutowireCapableBeanFactory.createBean(AbstractAutowireCapableBeanFactory.java:517)
	at org.springframework.beans.factory.support.AbstractBeanFactory.lambda$doGetBean$0(AbstractBeanFactory.java:323)
	at org.springframework.beans.factory.support.DefaultSingletonBeanRegistry.getSingleton(DefaultSingletonBeanRegistry.java:222)
	at org.springframework.beans.factory.support.AbstractBeanFactory.doGetBean(AbstractBeanFactory.java:321)
	at org.springframework.beans.factory.support.AbstractBeanFactory.getBean(AbstractBeanFactory.java:202)
	at org.springframework.beans.factory.config.DependencyDescriptor.resolveCandidate(DependencyDescriptor.java:276)
	at org.springframework.beans.factory.support.DefaultListableBeanFactory.doResolveDependency(DefaultListableBeanFactory.java:1287)
	at org.springframework.beans.factory.support.DefaultListableBeanFactory.resolveDependency(DefaultListableBeanFactory.java:1207)
	at org.springframework.beans.factory.support.AbstractAutowireCapableBeanFactory.autowireByType(AbstractAutowireCapableBeanFactory.java:1511)
	... 48 more
Caused by: org.springframework.beans.BeanInstantiationException: Failed to instantiate [org.apache.ibatis.session.SqlSessionFactory]: Factory method 'sqlSessionFactory' threw exception; nested exception is org.springframework.core.NestedIOException: Failed to parse mapping resource: 'file [F:\IDEA_workspace\spring_colud\eureka_client_example1\target\classes\mapper\userMapper.xml]'; nested exception is org.apache.ibatis.builder.BuilderException: Error parsing Mapper XML. The XML location is 'file [F:\IDEA_workspace\spring_colud\eureka_client_example1\target\classes\mapper\userMapper.xml]'. Cause: org.apache.ibatis.builder.BuilderException: Error resolving class. Cause: org.apache.ibatis.type.TypeException: Could not resolve type alias 'com.gm.springmvcdemo.domain.User'.  Cause: java.lang.ClassNotFoundException: Cannot find class: com.gm.springmvcdemo.domain.User
	at org.springframework.beans.factory.support.SimpleInstantiationStrategy.instantiate(SimpleInstantiationStrategy.java:185)
	at org.springframework.beans.factory.support.ConstructorResolver.instantiate(ConstructorResolver.java:651)
	... 61 more
Caused by: org.springframework.core.NestedIOException: Failed to parse mapping resource: 'file [F:\IDEA_workspace\spring_colud\eureka_client_example1\target\classes\mapper\userMapper.xml]'; nested exception is org.apache.ibatis.builder.BuilderException: Error parsing Mapper XML. The XML location is 'file [F:\IDEA_workspace\spring_colud\eureka_client_example1\target\classes\mapper\userMapper.xml]'. Cause: org.apache.ibatis.builder.BuilderException: Error resolving class. Cause: org.apache.ibatis.type.TypeException: Could not resolve type alias 'com.gm.springmvcdemo.domain.User'.  Cause: java.lang.ClassNotFoundException: Cannot find class: com.gm.springmvcdemo.domain.User
	at org.mybatis.spring.SqlSessionFactoryBean.buildSqlSessionFactory(SqlSessionFactoryBean.java:523)
	at org.mybatis.spring.SqlSessionFactoryBean.afterPropertiesSet(SqlSessionFactoryBean.java:380)
	at org.mybatis.spring.SqlSessionFactoryBean.getObject(SqlSessionFactoryBean.java:547)
	at org.mybatis.spring.boot.autoconfigure.MybatisAutoConfiguration.sqlSessionFactory(MybatisAutoConfiguration.java:153)
	at org.mybatis.spring.boot.autoconfigure.MybatisAutoConfiguration$$EnhancerBySpringCGLIB$$6416a891.CGLIB$sqlSessionFactory$1(<generated>)
	at org.mybatis.spring.boot.autoconfigure.MybatisAutoConfiguration$$EnhancerBySpringCGLIB$$6416a891$$FastClassBySpringCGLIB$$cdf21360.invoke(<generated>)
	at org.springframework.cglib.proxy.MethodProxy.invokeSuper(MethodProxy.java:244)
	at org.springframework.context.annotation.ConfigurationClassEnhancer$BeanMethodInterceptor.intercept(ConfigurationClassEnhancer.java:363)
	at org.mybatis.spring.boot.autoconfigure.MybatisAutoConfiguration$$EnhancerBySpringCGLIB$$6416a891.sqlSessionFactory(<generated>)
	at sun.reflect.NativeMethodAccessorImpl.invoke0(Native Method)
	at sun.reflect.NativeMethodAccessorImpl.invoke(NativeMethodAccessorImpl.java:62)
	at sun.reflect.DelegatingMethodAccessorImpl.invoke(DelegatingMethodAccessorImpl.java:43)
	at java.lang.reflect.Method.invoke(Method.java:498)
	at org.springframework.beans.factory.support.SimpleInstantiationStrategy.instantiate(SimpleInstantiationStrategy.java:154)
	... 62 more
Caused by: org.apache.ibatis.builder.BuilderException: Error parsing Mapper XML. The XML location is 'file [F:\IDEA_workspace\spring_colud\eureka_client_example1\target\classes\mapper\userMapper.xml]'. Cause: org.apache.ibatis.builder.BuilderException: Error resolving class. Cause: org.apache.ibatis.type.TypeException: Could not resolve type alias 'com.gm.springmvcdemo.domain.User'.  Cause: java.lang.ClassNotFoundException: Cannot find class: com.gm.springmvcdemo.domain.User
	at org.apache.ibatis.builder.xml.XMLMapperBuilder.configurationElement(XMLMapperBuilder.java:120)
	at org.apache.ibatis.builder.xml.XMLMapperBuilder.parse(XMLMapperBuilder.java:92)
	at org.mybatis.spring.SqlSessionFactoryBean.buildSqlSessionFactory(SqlSessionFactoryBean.java:521)
	... 75 more
Caused by: org.apache.ibatis.builder.BuilderException: Error resolving class. Cause: org.apache.ibatis.type.TypeException: Could not resolve type alias 'com.gm.springmvcdemo.domain.User'.  Cause: java.lang.ClassNotFoundException: Cannot find class: com.gm.springmvcdemo.domain.User
	at org.apache.ibatis.builder.BaseBuilder.resolveClass(BaseBuilder.java:118)
	at org.apache.ibatis.builder.xml.XMLStatementBuilder.parseStatementNode(XMLStatementBuilder.java:74)
	at org.apache.ibatis.builder.xml.XMLMapperBuilder.buildStatementFromContext(XMLMapperBuilder.java:135)
	at org.apache.ibatis.builder.xml.XMLMapperBuilder.buildStatementFromContext(XMLMapperBuilder.java:128)
	at org.apache.ibatis.builder.xml.XMLMapperBuilder.configurationElement(XMLMapperBuilder.java:118)
	... 77 more
Caused by: org.apache.ibatis.type.TypeException: Could not resolve type alias 'com.gm.springmvcdemo.domain.User'.  Cause: java.lang.ClassNotFoundException: Cannot find class: com.gm.springmvcdemo.domain.User
	at org.apache.ibatis.type.TypeAliasRegistry.resolveAlias(TypeAliasRegistry.java:120)
	at org.apache.ibatis.builder.BaseBuilder.resolveAlias(BaseBuilder.java:149)
	at org.apache.ibatis.builder.BaseBuilder.resolveClass(BaseBuilder.java:116)
	... 81 more
Caused by: java.lang.ClassNotFoundException: Cannot find class: com.gm.springmvcdemo.domain.User
	at org.apache.ibatis.io.ClassLoaderWrapper.classForName(ClassLoaderWrapper.java:200)
	at org.apache.ibatis.io.ClassLoaderWrapper.classForName(ClassLoaderWrapper.java:89)
	at org.apache.ibatis.io.Resources.classForName(Resources.java:261)
	at org.apache.ibatis.type.TypeAliasRegistry.resolveAlias(TypeAliasRegistry.java:116)
	... 83 more
2020-04-22 15:07:26,114  INFO Version:21 - HV000001: Hibernate Validator 6.0.18.Final
2020-04-22 15:07:26,584  INFO EurekaClientApplication:55 - Starting EurekaClientApplication on GAOMING with PID 20620 (F:\IDEA_workspace\spring_colud\eureka_client_example1\target\classes started by gaoming in F:\IDEA_workspace\spring_colud)
2020-04-22 15:07:26,589  INFO EurekaClientApplication:655 - The following profiles are active: dev
2020-04-22 15:07:30,601  INFO PostProcessorRegistrationDelegate$BeanPostProcessorChecker:330 - Bean 'org.springframework.transaction.annotation.ProxyTransactionManagementConfiguration' of type [org.springframework.transaction.annotation.ProxyTransactionManagementConfiguration] is not eligible for getting processed by all BeanPostProcessors (for example: not eligible for auto-proxying)
2020-04-22 15:07:31,909  INFO TomcatWebServer:92 - Tomcat initialized with port(s): 8080 (http)
2020-04-22 15:07:32,135  INFO ContextLoader:284 - Root WebApplicationContext: initialization completed in 5415 ms
2020-04-22 15:07:33,029  WARN AnnotationConfigServletWebServerApplicationContext:558 - Exception encountered during context initialization - cancelling refresh attempt: org.springframework.beans.factory.UnsatisfiedDependencyException: Error creating bean with name 'tbhCaseController': Unsatisfied dependency expressed through field 'tbhCaseService'; nested exception is org.springframework.beans.factory.UnsatisfiedDependencyException: Error creating bean with name 'tbhCaseServiceImpl': Unsatisfied dependency expressed through field 'caseMapper'; nested exception is org.springframework.beans.factory.UnsatisfiedDependencyException: Error creating bean with name 'tbhCaseMapper' defined in file [F:\IDEA_workspace\spring_colud\eureka_client_example1\target\classes\com\tai\eureka\dao\TbhCaseMapper.class]: Unsatisfied dependency expressed through bean property 'sqlSessionFactory'; nested exception is org.springframework.beans.factory.BeanCreationException: Error creating bean with name 'sqlSessionFactory' defined in class path resource [org/mybatis/spring/boot/autoconfigure/MybatisAutoConfiguration.class]: Bean instantiation via factory method failed; nested exception is org.springframework.beans.BeanInstantiationException: Failed to instantiate [org.apache.ibatis.session.SqlSessionFactory]: Factory method 'sqlSessionFactory' threw exception; nested exception is org.springframework.core.NestedIOException: Failed to parse mapping resource: 'file [F:\IDEA_workspace\spring_colud\eureka_client_example1\target\classes\mapper\userMapper.xml]'; nested exception is org.apache.ibatis.builder.BuilderException: Error parsing Mapper XML. The XML location is 'file [F:\IDEA_workspace\spring_colud\eureka_client_example1\target\classes\mapper\userMapper.xml]'. Cause: org.apache.ibatis.builder.BuilderException: Error resolving class. Cause: org.apache.ibatis.type.TypeException: Could not resolve type alias 'com.gm.springmvcdemo.domain.User'.  Cause: java.lang.ClassNotFoundException: Cannot find class: com.gm.springmvcdemo.domain.User
2020-04-22 15:07:33,083  INFO ConditionEvaluationReportLoggingListener:136 - 

Error starting ApplicationContext. To display the conditions report re-run your application with 'debug' enabled.
2020-04-22 15:07:33,087 ERROR SpringApplication:826 - Application run failed
org.springframework.beans.factory.UnsatisfiedDependencyException: Error creating bean with name 'tbhCaseController': Unsatisfied dependency expressed through field 'tbhCaseService'; nested exception is org.springframework.beans.factory.UnsatisfiedDependencyException: Error creating bean with name 'tbhCaseServiceImpl': Unsatisfied dependency expressed through field 'caseMapper'; nested exception is org.springframework.beans.factory.UnsatisfiedDependencyException: Error creating bean with name 'tbhCaseMapper' defined in file [F:\IDEA_workspace\spring_colud\eureka_client_example1\target\classes\com\tai\eureka\dao\TbhCaseMapper.class]: Unsatisfied dependency expressed through bean property 'sqlSessionFactory'; nested exception is org.springframework.beans.factory.BeanCreationException: Error creating bean with name 'sqlSessionFactory' defined in class path resource [org/mybatis/spring/boot/autoconfigure/MybatisAutoConfiguration.class]: Bean instantiation via factory method failed; nested exception is org.springframework.beans.BeanInstantiationException: Failed to instantiate [org.apache.ibatis.session.SqlSessionFactory]: Factory method 'sqlSessionFactory' threw exception; nested exception is org.springframework.core.NestedIOException: Failed to parse mapping resource: 'file [F:\IDEA_workspace\spring_colud\eureka_client_example1\target\classes\mapper\userMapper.xml]'; nested exception is org.apache.ibatis.builder.BuilderException: Error parsing Mapper XML. The XML location is 'file [F:\IDEA_workspace\spring_colud\eureka_client_example1\target\classes\mapper\userMapper.xml]'. Cause: org.apache.ibatis.builder.BuilderException: Error resolving class. Cause: org.apache.ibatis.type.TypeException: Could not resolve type alias 'com.gm.springmvcdemo.domain.User'.  Cause: java.lang.ClassNotFoundException: Cannot find class: com.gm.springmvcdemo.domain.User
	at org.springframework.beans.factory.annotation.AutowiredAnnotationBeanPostProcessor$AutowiredFieldElement.inject(AutowiredAnnotationBeanPostProcessor.java:643)
	at org.springframework.beans.factory.annotation.InjectionMetadata.inject(InjectionMetadata.java:116)
	at org.springframework.beans.factory.annotation.AutowiredAnnotationBeanPostProcessor.postProcessProperties(AutowiredAnnotationBeanPostProcessor.java:399)
	at org.springframework.beans.factory.support.AbstractAutowireCapableBeanFactory.populateBean(AbstractAutowireCapableBeanFactory.java:1422)
	at org.springframework.beans.factory.support.AbstractAutowireCapableBeanFactory.doCreateBean(AbstractAutowireCapableBeanFactory.java:594)
	at org.springframework.beans.factory.support.AbstractAutowireCapableBeanFactory.createBean(AbstractAutowireCapableBeanFactory.java:517)
	at org.springframework.beans.factory.support.AbstractBeanFactory.lambda$doGetBean$0(AbstractBeanFactory.java:323)
	at org.springframework.beans.factory.support.DefaultSingletonBeanRegistry.getSingleton(DefaultSingletonBeanRegistry.java:222)
	at org.springframework.beans.factory.support.AbstractBeanFactory.doGetBean(AbstractBeanFactory.java:321)
	at org.springframework.beans.factory.support.AbstractBeanFactory.getBean(AbstractBeanFactory.java:202)
	at org.springframework.beans.factory.support.DefaultListableBeanFactory.preInstantiateSingletons(DefaultListableBeanFactory.java:879)
	at org.springframework.context.support.AbstractApplicationContext.finishBeanFactoryInitialization(AbstractApplicationContext.java:878)
	at org.springframework.context.support.AbstractApplicationContext.refresh(AbstractApplicationContext.java:550)
	at org.springframework.boot.web.servlet.context.ServletWebServerApplicationContext.refresh(ServletWebServerApplicationContext.java:141)
	at org.springframework.boot.SpringApplication.refresh(SpringApplication.java:747)
	at org.springframework.boot.SpringApplication.refreshContext(SpringApplication.java:397)
	at org.springframework.boot.SpringApplication.run(SpringApplication.java:315)
	at org.springframework.boot.SpringApplication.run(SpringApplication.java:1226)
	at org.springframework.boot.SpringApplication.run(SpringApplication.java:1215)
	at com.tai.eureka.EurekaClientApplication.main(EurekaClientApplication.java:12)
	at sun.reflect.NativeMethodAccessorImpl.invoke0(Native Method)
	at sun.reflect.NativeMethodAccessorImpl.invoke(NativeMethodAccessorImpl.java:62)
	at sun.reflect.DelegatingMethodAccessorImpl.invoke(DelegatingMethodAccessorImpl.java:43)
	at java.lang.reflect.Method.invoke(Method.java:498)
	at com.intellij.rt.execution.application.AppMain.main(AppMain.java:144)
Caused by: org.springframework.beans.factory.UnsatisfiedDependencyException: Error creating bean with name 'tbhCaseServiceImpl': Unsatisfied dependency expressed through field 'caseMapper'; nested exception is org.springframework.beans.factory.UnsatisfiedDependencyException: Error creating bean with name 'tbhCaseMapper' defined in file [F:\IDEA_workspace\spring_colud\eureka_client_example1\target\classes\com\tai\eureka\dao\TbhCaseMapper.class]: Unsatisfied dependency expressed through bean property 'sqlSessionFactory'; nested exception is org.springframework.beans.factory.BeanCreationException: Error creating bean with name 'sqlSessionFactory' defined in class path resource [org/mybatis/spring/boot/autoconfigure/MybatisAutoConfiguration.class]: Bean instantiation via factory method failed; nested exception is org.springframework.beans.BeanInstantiationException: Failed to instantiate [org.apache.ibatis.session.SqlSessionFactory]: Factory method 'sqlSessionFactory' threw exception; nested exception is org.springframework.core.NestedIOException: Failed to parse mapping resource: 'file [F:\IDEA_workspace\spring_colud\eureka_client_example1\target\classes\mapper\userMapper.xml]'; nested exception is org.apache.ibatis.builder.BuilderException: Error parsing Mapper XML. The XML location is 'file [F:\IDEA_workspace\spring_colud\eureka_client_example1\target\classes\mapper\userMapper.xml]'. Cause: org.apache.ibatis.builder.BuilderException: Error resolving class. Cause: org.apache.ibatis.type.TypeException: Could not resolve type alias 'com.gm.springmvcdemo.domain.User'.  Cause: java.lang.ClassNotFoundException: Cannot find class: com.gm.springmvcdemo.domain.User
	at org.springframework.beans.factory.annotation.AutowiredAnnotationBeanPostProcessor$AutowiredFieldElement.inject(AutowiredAnnotationBeanPostProcessor.java:643)
	at org.springframework.beans.factory.annotation.InjectionMetadata.inject(InjectionMetadata.java:116)
	at org.springframework.beans.factory.annotation.AutowiredAnnotationBeanPostProcessor.postProcessProperties(AutowiredAnnotationBeanPostProcessor.java:399)
	at org.springframework.beans.factory.support.AbstractAutowireCapableBeanFactory.populateBean(AbstractAutowireCapableBeanFactory.java:1422)
	at org.springframework.beans.factory.support.AbstractAutowireCapableBeanFactory.doCreateBean(AbstractAutowireCapableBeanFactory.java:594)
	at org.springframework.beans.factory.support.AbstractAutowireCapableBeanFactory.createBean(AbstractAutowireCapableBeanFactory.java:517)
	at org.springframework.beans.factory.support.AbstractBeanFactory.lambda$doGetBean$0(AbstractBeanFactory.java:323)
	at org.springframework.beans.factory.support.DefaultSingletonBeanRegistry.getSingleton(DefaultSingletonBeanRegistry.java:222)
	at org.springframework.beans.factory.support.AbstractBeanFactory.doGetBean(AbstractBeanFactory.java:321)
	at org.springframework.beans.factory.support.AbstractBeanFactory.getBean(AbstractBeanFactory.java:202)
	at org.springframework.beans.factory.config.DependencyDescriptor.resolveCandidate(DependencyDescriptor.java:276)
	at org.springframework.beans.factory.support.DefaultListableBeanFactory.doResolveDependency(DefaultListableBeanFactory.java:1287)
	at org.springframework.beans.factory.support.DefaultListableBeanFactory.resolveDependency(DefaultListableBeanFactory.java:1207)
	at org.springframework.beans.factory.annotation.AutowiredAnnotationBeanPostProcessor$AutowiredFieldElement.inject(AutowiredAnnotationBeanPostProcessor.java:640)
	... 24 more
Caused by: org.springframework.beans.factory.UnsatisfiedDependencyException: Error creating bean with name 'tbhCaseMapper' defined in file [F:\IDEA_workspace\spring_colud\eureka_client_example1\target\classes\com\tai\eureka\dao\TbhCaseMapper.class]: Unsatisfied dependency expressed through bean property 'sqlSessionFactory'; nested exception is org.springframework.beans.factory.BeanCreationException: Error creating bean with name 'sqlSessionFactory' defined in class path resource [org/mybatis/spring/boot/autoconfigure/MybatisAutoConfiguration.class]: Bean instantiation via factory method failed; nested exception is org.springframework.beans.BeanInstantiationException: Failed to instantiate [org.apache.ibatis.session.SqlSessionFactory]: Factory method 'sqlSessionFactory' threw exception; nested exception is org.springframework.core.NestedIOException: Failed to parse mapping resource: 'file [F:\IDEA_workspace\spring_colud\eureka_client_example1\target\classes\mapper\userMapper.xml]'; nested exception is org.apache.ibatis.builder.BuilderException: Error parsing Mapper XML. The XML location is 'file [F:\IDEA_workspace\spring_colud\eureka_client_example1\target\classes\mapper\userMapper.xml]'. Cause: org.apache.ibatis.builder.BuilderException: Error resolving class. Cause: org.apache.ibatis.type.TypeException: Could not resolve type alias 'com.gm.springmvcdemo.domain.User'.  Cause: java.lang.ClassNotFoundException: Cannot find class: com.gm.springmvcdemo.domain.User
	at org.springframework.beans.factory.support.AbstractAutowireCapableBeanFactory.autowireByType(AbstractAutowireCapableBeanFactory.java:1526)
	at org.springframework.beans.factory.support.AbstractAutowireCapableBeanFactory.populateBean(AbstractAutowireCapableBeanFactory.java:1406)
	at org.springframework.beans.factory.support.AbstractAutowireCapableBeanFactory.doCreateBean(AbstractAutowireCapableBeanFactory.java:594)
	at org.springframework.beans.factory.support.AbstractAutowireCapableBeanFactory.createBean(AbstractAutowireCapableBeanFactory.java:517)
	at org.springframework.beans.factory.support.AbstractBeanFactory.lambda$doGetBean$0(AbstractBeanFactory.java:323)
	at org.springframework.beans.factory.support.DefaultSingletonBeanRegistry.getSingleton(DefaultSingletonBeanRegistry.java:222)
	at org.springframework.beans.factory.support.AbstractBeanFactory.doGetBean(AbstractBeanFactory.java:321)
	at org.springframework.beans.factory.support.AbstractBeanFactory.getBean(AbstractBeanFactory.java:202)
	at org.springframework.beans.factory.config.DependencyDescriptor.resolveCandidate(DependencyDescriptor.java:276)
	at org.springframework.beans.factory.support.DefaultListableBeanFactory.doResolveDependency(DefaultListableBeanFactory.java:1287)
	at org.springframework.beans.factory.support.DefaultListableBeanFactory.resolveDependency(DefaultListableBeanFactory.java:1207)
	at org.springframework.beans.factory.annotation.AutowiredAnnotationBeanPostProcessor$AutowiredFieldElement.inject(AutowiredAnnotationBeanPostProcessor.java:640)
	... 37 more
Caused by: org.springframework.beans.factory.BeanCreationException: Error creating bean with name 'sqlSessionFactory' defined in class path resource [org/mybatis/spring/boot/autoconfigure/MybatisAutoConfiguration.class]: Bean instantiation via factory method failed; nested exception is org.springframework.beans.BeanInstantiationException: Failed to instantiate [org.apache.ibatis.session.SqlSessionFactory]: Factory method 'sqlSessionFactory' threw exception; nested exception is org.springframework.core.NestedIOException: Failed to parse mapping resource: 'file [F:\IDEA_workspace\spring_colud\eureka_client_example1\target\classes\mapper\userMapper.xml]'; nested exception is org.apache.ibatis.builder.BuilderException: Error parsing Mapper XML. The XML location is 'file [F:\IDEA_workspace\spring_colud\eureka_client_example1\target\classes\mapper\userMapper.xml]'. Cause: org.apache.ibatis.builder.BuilderException: Error resolving class. Cause: org.apache.ibatis.type.TypeException: Could not resolve type alias 'com.gm.springmvcdemo.domain.User'.  Cause: java.lang.ClassNotFoundException: Cannot find class: com.gm.springmvcdemo.domain.User
	at org.springframework.beans.factory.support.ConstructorResolver.instantiate(ConstructorResolver.java:656)
	at org.springframework.beans.factory.support.ConstructorResolver.instantiateUsingFactoryMethod(ConstructorResolver.java:636)
	at org.springframework.beans.factory.support.AbstractAutowireCapableBeanFactory.instantiateUsingFactoryMethod(AbstractAutowireCapableBeanFactory.java:1338)
	at org.springframework.beans.factory.support.AbstractAutowireCapableBeanFactory.createBeanInstance(AbstractAutowireCapableBeanFactory.java:1177)
	at org.springframework.beans.factory.support.AbstractAutowireCapableBeanFactory.doCreateBean(AbstractAutowireCapableBeanFactory.java:557)
	at org.springframework.beans.factory.support.AbstractAutowireCapableBeanFactory.createBean(AbstractAutowireCapableBeanFactory.java:517)
	at org.springframework.beans.factory.support.AbstractBeanFactory.lambda$doGetBean$0(AbstractBeanFactory.java:323)
	at org.springframework.beans.factory.support.DefaultSingletonBeanRegistry.getSingleton(DefaultSingletonBeanRegistry.java:222)
	at org.springframework.beans.factory.support.AbstractBeanFactory.doGetBean(AbstractBeanFactory.java:321)
	at org.springframework.beans.factory.support.AbstractBeanFactory.getBean(AbstractBeanFactory.java:202)
	at org.springframework.beans.factory.config.DependencyDescriptor.resolveCandidate(DependencyDescriptor.java:276)
	at org.springframework.beans.factory.support.DefaultListableBeanFactory.doResolveDependency(DefaultListableBeanFactory.java:1287)
	at org.springframework.beans.factory.support.DefaultListableBeanFactory.resolveDependency(DefaultListableBeanFactory.java:1207)
	at org.springframework.beans.factory.support.AbstractAutowireCapableBeanFactory.autowireByType(AbstractAutowireCapableBeanFactory.java:1511)
	... 48 more
Caused by: org.springframework.beans.BeanInstantiationException: Failed to instantiate [org.apache.ibatis.session.SqlSessionFactory]: Factory method 'sqlSessionFactory' threw exception; nested exception is org.springframework.core.NestedIOException: Failed to parse mapping resource: 'file [F:\IDEA_workspace\spring_colud\eureka_client_example1\target\classes\mapper\userMapper.xml]'; nested exception is org.apache.ibatis.builder.BuilderException: Error parsing Mapper XML. The XML location is 'file [F:\IDEA_workspace\spring_colud\eureka_client_example1\target\classes\mapper\userMapper.xml]'. Cause: org.apache.ibatis.builder.BuilderException: Error resolving class. Cause: org.apache.ibatis.type.TypeException: Could not resolve type alias 'com.gm.springmvcdemo.domain.User'.  Cause: java.lang.ClassNotFoundException: Cannot find class: com.gm.springmvcdemo.domain.User
	at org.springframework.beans.factory.support.SimpleInstantiationStrategy.instantiate(SimpleInstantiationStrategy.java:185)
	at org.springframework.beans.factory.support.ConstructorResolver.instantiate(ConstructorResolver.java:651)
	... 61 more
Caused by: org.springframework.core.NestedIOException: Failed to parse mapping resource: 'file [F:\IDEA_workspace\spring_colud\eureka_client_example1\target\classes\mapper\userMapper.xml]'; nested exception is org.apache.ibatis.builder.BuilderException: Error parsing Mapper XML. The XML location is 'file [F:\IDEA_workspace\spring_colud\eureka_client_example1\target\classes\mapper\userMapper.xml]'. Cause: org.apache.ibatis.builder.BuilderException: Error resolving class. Cause: org.apache.ibatis.type.TypeException: Could not resolve type alias 'com.gm.springmvcdemo.domain.User'.  Cause: java.lang.ClassNotFoundException: Cannot find class: com.gm.springmvcdemo.domain.User
	at org.mybatis.spring.SqlSessionFactoryBean.buildSqlSessionFactory(SqlSessionFactoryBean.java:523)
	at org.mybatis.spring.SqlSessionFactoryBean.afterPropertiesSet(SqlSessionFactoryBean.java:380)
	at org.mybatis.spring.SqlSessionFactoryBean.getObject(SqlSessionFactoryBean.java:547)
	at org.mybatis.spring.boot.autoconfigure.MybatisAutoConfiguration.sqlSessionFactory(MybatisAutoConfiguration.java:153)
	at org.mybatis.spring.boot.autoconfigure.MybatisAutoConfiguration$$EnhancerBySpringCGLIB$$86afba3.CGLIB$sqlSessionFactory$0(<generated>)
	at org.mybatis.spring.boot.autoconfigure.MybatisAutoConfiguration$$EnhancerBySpringCGLIB$$86afba3$$FastClassBySpringCGLIB$$c0e7b563.invoke(<generated>)
	at org.springframework.cglib.proxy.MethodProxy.invokeSuper(MethodProxy.java:244)
	at org.springframework.context.annotation.ConfigurationClassEnhancer$BeanMethodInterceptor.intercept(ConfigurationClassEnhancer.java:363)
	at org.mybatis.spring.boot.autoconfigure.MybatisAutoConfiguration$$EnhancerBySpringCGLIB$$86afba3.sqlSessionFactory(<generated>)
	at sun.reflect.NativeMethodAccessorImpl.invoke0(Native Method)
	at sun.reflect.NativeMethodAccessorImpl.invoke(NativeMethodAccessorImpl.java:62)
	at sun.reflect.DelegatingMethodAccessorImpl.invoke(DelegatingMethodAccessorImpl.java:43)
	at java.lang.reflect.Method.invoke(Method.java:498)
	at org.springframework.beans.factory.support.SimpleInstantiationStrategy.instantiate(SimpleInstantiationStrategy.java:154)
	... 62 more
Caused by: org.apache.ibatis.builder.BuilderException: Error parsing Mapper XML. The XML location is 'file [F:\IDEA_workspace\spring_colud\eureka_client_example1\target\classes\mapper\userMapper.xml]'. Cause: org.apache.ibatis.builder.BuilderException: Error resolving class. Cause: org.apache.ibatis.type.TypeException: Could not resolve type alias 'com.gm.springmvcdemo.domain.User'.  Cause: java.lang.ClassNotFoundException: Cannot find class: com.gm.springmvcdemo.domain.User
	at org.apache.ibatis.builder.xml.XMLMapperBuilder.configurationElement(XMLMapperBuilder.java:120)
	at org.apache.ibatis.builder.xml.XMLMapperBuilder.parse(XMLMapperBuilder.java:92)
	at org.mybatis.spring.SqlSessionFactoryBean.buildSqlSessionFactory(SqlSessionFactoryBean.java:521)
	... 75 more
Caused by: org.apache.ibatis.builder.BuilderException: Error resolving class. Cause: org.apache.ibatis.type.TypeException: Could not resolve type alias 'com.gm.springmvcdemo.domain.User'.  Cause: java.lang.ClassNotFoundException: Cannot find class: com.gm.springmvcdemo.domain.User
	at org.apache.ibatis.builder.BaseBuilder.resolveClass(BaseBuilder.java:118)
	at org.apache.ibatis.builder.xml.XMLStatementBuilder.parseStatementNode(XMLStatementBuilder.java:74)
	at org.apache.ibatis.builder.xml.XMLMapperBuilder.buildStatementFromContext(XMLMapperBuilder.java:135)
	at org.apache.ibatis.builder.xml.XMLMapperBuilder.buildStatementFromContext(XMLMapperBuilder.java:128)
	at org.apache.ibatis.builder.xml.XMLMapperBuilder.configurationElement(XMLMapperBuilder.java:118)
	... 77 more
Caused by: org.apache.ibatis.type.TypeException: Could not resolve type alias 'com.gm.springmvcdemo.domain.User'.  Cause: java.lang.ClassNotFoundException: Cannot find class: com.gm.springmvcdemo.domain.User
	at org.apache.ibatis.type.TypeAliasRegistry.resolveAlias(TypeAliasRegistry.java:120)
	at org.apache.ibatis.builder.BaseBuilder.resolveAlias(BaseBuilder.java:149)
	at org.apache.ibatis.builder.BaseBuilder.resolveClass(BaseBuilder.java:116)
	... 81 more
Caused by: java.lang.ClassNotFoundException: Cannot find class: com.gm.springmvcdemo.domain.User
	at org.apache.ibatis.io.ClassLoaderWrapper.classForName(ClassLoaderWrapper.java:200)
	at org.apache.ibatis.io.ClassLoaderWrapper.classForName(ClassLoaderWrapper.java:89)
	at org.apache.ibatis.io.Resources.classForName(Resources.java:261)
	at org.apache.ibatis.type.TypeAliasRegistry.resolveAlias(TypeAliasRegistry.java:116)
	... 83 more
2020-04-22 15:08:08,350  INFO Version:21 - HV000001: Hibernate Validator 6.0.18.Final
2020-04-22 15:08:08,830  INFO EurekaClientApplication:55 - Starting EurekaClientApplication on GAOMING with PID 6120 (F:\IDEA_workspace\spring_colud\eureka_client_example1\target\classes started by gaoming in F:\IDEA_workspace\spring_colud)
2020-04-22 15:08:08,833  INFO EurekaClientApplication:655 - The following profiles are active: dev
2020-04-22 15:08:12,819  INFO PostProcessorRegistrationDelegate$BeanPostProcessorChecker:330 - Bean 'org.springframework.transaction.annotation.ProxyTransactionManagementConfiguration' of type [org.springframework.transaction.annotation.ProxyTransactionManagementConfiguration] is not eligible for getting processed by all BeanPostProcessors (for example: not eligible for auto-proxying)
2020-04-22 15:08:13,966  INFO TomcatWebServer:92 - Tomcat initialized with port(s): 8080 (http)
2020-04-22 15:08:14,204  INFO ContextLoader:284 - Root WebApplicationContext: initialization completed in 5251 ms
2020-04-22 15:08:15,949  INFO PropertySourcedRequestMappingHandlerMapping:69 - Mapped URL path [/v2/api-docs] onto method [springfox.documentation.swagger2.web.Swagger2Controller#getDocumentation(String, HttpServletRequest)]
2020-04-22 15:08:16,109  INFO ThreadPoolTaskExecutor:171 - Initializing ExecutorService 'applicationTaskExecutor'
2020-04-22 15:08:16,479  INFO DocumentationPluginsBootstrapper:160 - Context refreshed
2020-04-22 15:08:16,569  INFO DocumentationPluginsBootstrapper:163 - Found 1 custom documentation plugin(s)
2020-04-22 15:08:16,626  INFO ApiListingReferenceScanner:41 - Scanning for api listing references
2020-04-22 15:08:16,761  INFO TomcatWebServer:204 - Tomcat started on port(s): 8080 (http) with context path ''
2020-04-22 15:08:16,766  INFO EurekaClientApplication:61 - Started EurekaClientApplication in 8.681 seconds (JVM running for 9.776)
2020-04-22 15:08:33,037  INFO Version:21 - HV000001: Hibernate Validator 6.0.18.Final
2020-04-22 15:08:33,480  INFO EurekaClientApplication:55 - Starting EurekaClientApplication on GAOMING with PID 10292 (F:\IDEA_workspace\spring_colud\eureka_client_example1\target\classes started by gaoming in F:\IDEA_workspace\spring_colud)
2020-04-22 15:08:33,481  INFO EurekaClientApplication:655 - The following profiles are active: dev
2020-04-22 15:08:36,898  INFO PostProcessorRegistrationDelegate$BeanPostProcessorChecker:330 - Bean 'org.springframework.transaction.annotation.ProxyTransactionManagementConfiguration' of type [org.springframework.transaction.annotation.ProxyTransactionManagementConfiguration] is not eligible for getting processed by all BeanPostProcessors (for example: not eligible for auto-proxying)
2020-04-22 15:08:37,912  INFO TomcatWebServer:92 - Tomcat initialized with port(s): 9001 (http)
2020-04-22 15:08:38,097  INFO ContextLoader:284 - Root WebApplicationContext: initialization completed in 4481 ms
2020-04-22 15:08:39,747  INFO PropertySourcedRequestMappingHandlerMapping:69 - Mapped URL path [/v2/api-docs] onto method [springfox.documentation.swagger2.web.Swagger2Controller#getDocumentation(String, HttpServletRequest)]
2020-04-22 15:08:39,960  INFO ThreadPoolTaskExecutor:171 - Initializing ExecutorService 'applicationTaskExecutor'
2020-04-22 15:08:40,197  INFO DocumentationPluginsBootstrapper:160 - Context refreshed
2020-04-22 15:08:40,230  INFO DocumentationPluginsBootstrapper:163 - Found 1 custom documentation plugin(s)
2020-04-22 15:08:40,280  INFO ApiListingReferenceScanner:41 - Scanning for api listing references
2020-04-22 15:08:40,357  INFO TomcatWebServer:204 - Tomcat started on port(s): 9001 (http) with context path ''
2020-04-22 15:08:40,362  INFO EurekaClientApplication:61 - Started EurekaClientApplication in 7.619 seconds (JVM running for 8.705)
2020-04-22 15:09:09,152  INFO DispatcherServlet:525 - Initializing Servlet 'dispatcherServlet'
2020-04-22 15:09:09,166  INFO DispatcherServlet:547 - Completed initialization in 13 ms
2020-04-22 15:10:11,602  INFO Version:21 - HV000001: Hibernate Validator 6.0.18.Final
2020-04-22 15:10:12,021  INFO EurekaClientApplication:55 - Starting EurekaClientApplication on GAOMING with PID 20544 (F:\IDEA_workspace\spring_colud\eureka_client_example1\target\classes started by gaoming in F:\IDEA_workspace\spring_colud)
2020-04-22 15:10:12,025  INFO EurekaClientApplication:655 - The following profiles are active: dev
2020-04-22 15:10:15,710  INFO PostProcessorRegistrationDelegate$BeanPostProcessorChecker:330 - Bean 'org.springframework.transaction.annotation.ProxyTransactionManagementConfiguration' of type [org.springframework.transaction.annotation.ProxyTransactionManagementConfiguration] is not eligible for getting processed by all BeanPostProcessors (for example: not eligible for auto-proxying)
2020-04-22 15:10:17,017  INFO TomcatWebServer:92 - Tomcat initialized with port(s): 9001 (http)
2020-04-22 15:10:17,414  INFO ContextLoader:284 - Root WebApplicationContext: initialization completed in 5238 ms
2020-04-22 15:10:18,811  INFO PropertySourcedRequestMappingHandlerMapping:69 - Mapped URL path [/v2/api-docs] onto method [springfox.documentation.swagger2.web.Swagger2Controller#getDocumentation(String, HttpServletRequest)]
2020-04-22 15:10:18,983  INFO ThreadPoolTaskExecutor:171 - Initializing ExecutorService 'applicationTaskExecutor'
2020-04-22 15:10:19,235  INFO DocumentationPluginsBootstrapper:160 - Context refreshed
2020-04-22 15:10:19,265  INFO DocumentationPluginsBootstrapper:163 - Found 1 custom documentation plugin(s)
2020-04-22 15:10:19,311  INFO ApiListingReferenceScanner:41 - Scanning for api listing references
2020-04-22 15:10:19,925  INFO TomcatWebServer:204 - Tomcat started on port(s): 9001 (http) with context path ''
2020-04-22 15:10:19,931  INFO EurekaClientApplication:61 - Started EurekaClientApplication in 8.675 seconds (JVM running for 9.679)
2020-04-22 15:10:23,044  INFO DispatcherServlet:525 - Initializing Servlet 'dispatcherServlet'
2020-04-22 15:10:23,062  INFO DispatcherServlet:547 - Completed initialization in 17 ms
2020-04-22 15:28:01,618  INFO Version:21 - HV000001: Hibernate Validator 6.0.18.Final
2020-04-22 15:28:05,722  INFO EurekaClientApplication:655 - The following profiles are active: dev
2020-04-22 15:28:08,379  INFO GenericScope:295 - BeanFactory id=9b96f160-4563-39e1-8c99-d8cf81724129
2020-04-22 15:28:09,383  INFO PostProcessorRegistrationDelegate$BeanPostProcessorChecker:330 - Bean 'org.springframework.transaction.annotation.ProxyTransactionManagementConfiguration' of type [org.springframework.transaction.annotation.ProxyTransactionManagementConfiguration] is not eligible for getting processed by all BeanPostProcessors (for example: not eligible for auto-proxying)
2020-04-22 15:28:18,726  INFO TomcatWebServer:92 - Tomcat initialized with port(s): 9001 (http)
2020-04-22 15:28:19,747  INFO ContextLoader:284 - Root WebApplicationContext: initialization completed in 13982 ms
2020-04-22 15:28:21,557  INFO PropertySourcedRequestMappingHandlerMapping:69 - Mapped URL path [/v2/api-docs] onto method [springfox.documentation.swagger2.web.Swagger2Controller#getDocumentation(String, HttpServletRequest)]
2020-04-22 15:28:21,623  WARN URLConfigurationSource:121 - No URLs will be polled as dynamic configuration sources.
2020-04-22 15:28:21,623  INFO URLConfigurationSource:122 - To enable URLs as dynamic configuration sources, define System property archaius.configurationSource.additionalUrls or make config.properties available on classpath.
2020-04-22 15:28:21,647  WARN URLConfigurationSource:121 - No URLs will be polled as dynamic configuration sources.
2020-04-22 15:28:21,647  INFO URLConfigurationSource:122 - To enable URLs as dynamic configuration sources, define System property archaius.configurationSource.additionalUrls or make config.properties available on classpath.
2020-04-22 15:28:21,839  INFO ThreadPoolTaskExecutor:171 - Initializing ExecutorService 'applicationTaskExecutor'
2020-04-22 15:28:24,572  WARN AnnotationConfigServletWebServerApplicationContext:558 - Exception encountered during context initialization - cancelling refresh attempt: org.springframework.boot.context.properties.ConfigurationPropertiesBindException: Error creating bean with name 'eurekaInstanceConfigBean': Could not bind properties to 'EurekaInstanceConfigBean' : prefix=eureka.instance, ignoreInvalidFields=false, ignoreUnknownFields=true; nested exception is org.springframework.boot.context.properties.bind.BindException: Failed to bind properties under 'eureka.instance.prefer-ip-address' to boolean
2020-04-22 15:28:24,574  INFO ThreadPoolTaskExecutor:208 - Shutting down ExecutorService 'applicationTaskExecutor'
2020-04-22 15:28:24,601  INFO ConditionEvaluationReportLoggingListener:136 - 

Error starting ApplicationContext. To display the conditions report re-run your application with 'debug' enabled.
2020-04-22 15:28:24,607 ERROR LoggingFailureAnalysisReporter:40 - 

***************************
APPLICATION FAILED TO START
***************************

Description:

Failed to bind properties under 'eureka.instance.prefer-ip-address' to boolean:

    Property: eureka.instance.prefer-ip-address
    Value: ture
    Origin: class path resource [application.yml]:14:24
    Reason: failed to convert java.lang.String to boolean

Action:

Update your application's configuration

2020-04-22 15:29:11,862  INFO Version:21 - HV000001: Hibernate Validator 6.0.18.Final
2020-04-22 15:29:15,784  INFO EurekaClientApplication:655 - The following profiles are active: dev
2020-04-22 15:29:17,520  INFO GenericScope:295 - BeanFactory id=9b96f160-4563-39e1-8c99-d8cf81724129
2020-04-22 15:29:17,939  INFO PostProcessorRegistrationDelegate$BeanPostProcessorChecker:330 - Bean 'org.springframework.transaction.annotation.ProxyTransactionManagementConfiguration' of type [org.springframework.transaction.annotation.ProxyTransactionManagementConfiguration] is not eligible for getting processed by all BeanPostProcessors (for example: not eligible for auto-proxying)
2020-04-22 15:29:19,131  INFO TomcatWebServer:92 - Tomcat initialized with port(s): 9001 (http)
2020-04-22 15:29:19,430  INFO ContextLoader:284 - Root WebApplicationContext: initialization completed in 3613 ms
2020-04-22 15:29:20,893  INFO PropertySourcedRequestMappingHandlerMapping:69 - Mapped URL path [/v2/api-docs] onto method [springfox.documentation.swagger2.web.Swagger2Controller#getDocumentation(String, HttpServletRequest)]
2020-04-22 15:29:20,938  WARN URLConfigurationSource:121 - No URLs will be polled as dynamic configuration sources.
2020-04-22 15:29:20,938  INFO URLConfigurationSource:122 - To enable URLs as dynamic configuration sources, define System property archaius.configurationSource.additionalUrls or make config.properties available on classpath.
2020-04-22 15:29:20,948  WARN URLConfigurationSource:121 - No URLs will be polled as dynamic configuration sources.
2020-04-22 15:29:20,949  INFO URLConfigurationSource:122 - To enable URLs as dynamic configuration sources, define System property archaius.configurationSource.additionalUrls or make config.properties available on classpath.
2020-04-22 15:29:21,132  INFO ThreadPoolTaskExecutor:171 - Initializing ExecutorService 'applicationTaskExecutor'
2020-04-22 15:29:23,751  WARN AnnotationConfigServletWebServerApplicationContext:558 - Exception encountered during context initialization - cancelling refresh attempt: org.springframework.boot.context.properties.ConfigurationPropertiesBindException: Error creating bean with name 'eurekaInstanceConfigBean': Could not bind properties to 'EurekaInstanceConfigBean' : prefix=eureka.instance, ignoreInvalidFields=false, ignoreUnknownFields=true; nested exception is org.springframework.boot.context.properties.bind.BindException: Failed to bind properties under 'eureka.instance.prefer-ip-address' to boolean
2020-04-22 15:29:23,754  INFO ThreadPoolTaskExecutor:208 - Shutting down ExecutorService 'applicationTaskExecutor'
2020-04-22 15:29:23,783  INFO ConditionEvaluationReportLoggingListener:136 - 

Error starting ApplicationContext. To display the conditions report re-run your application with 'debug' enabled.
2020-04-22 15:29:23,796 ERROR LoggingFailureAnalysisReporter:40 - 

***************************
APPLICATION FAILED TO START
***************************

Description:

Failed to bind properties under 'eureka.instance.prefer-ip-address' to boolean:

    Property: eureka.instance.prefer-ip-address
    Value: ture
    Origin: class path resource [application.yml]:14:24
    Reason: failed to convert java.lang.String to boolean

Action:

Update your application's configuration

2020-04-22 15:30:55,657  INFO Version:21 - HV000001: Hibernate Validator 6.0.18.Final
2020-04-22 15:30:59,831  INFO EurekaClientApplication:655 - The following profiles are active: dev
2020-04-22 15:31:01,750  INFO GenericScope:295 - BeanFactory id=9b96f160-4563-39e1-8c99-d8cf81724129
2020-04-22 15:31:02,220  INFO PostProcessorRegistrationDelegate$BeanPostProcessorChecker:330 - Bean 'org.springframework.transaction.annotation.ProxyTransactionManagementConfiguration' of type [org.springframework.transaction.annotation.ProxyTransactionManagementConfiguration] is not eligible for getting processed by all BeanPostProcessors (for example: not eligible for auto-proxying)
2020-04-22 15:31:03,451  INFO TomcatWebServer:92 - Tomcat initialized with port(s): 9001 (http)
2020-04-22 15:31:03,753  INFO ContextLoader:284 - Root WebApplicationContext: initialization completed in 3883 ms
2020-04-22 15:31:05,109  INFO PropertySourcedRequestMappingHandlerMapping:69 - Mapped URL path [/v2/api-docs] onto method [springfox.documentation.swagger2.web.Swagger2Controller#getDocumentation(String, HttpServletRequest)]
2020-04-22 15:31:05,148  WARN URLConfigurationSource:121 - No URLs will be polled as dynamic configuration sources.
2020-04-22 15:31:05,148  INFO URLConfigurationSource:122 - To enable URLs as dynamic configuration sources, define System property archaius.configurationSource.additionalUrls or make config.properties available on classpath.
2020-04-22 15:31:05,158  WARN URLConfigurationSource:121 - No URLs will be polled as dynamic configuration sources.
2020-04-22 15:31:05,159  INFO URLConfigurationSource:122 - To enable URLs as dynamic configuration sources, define System property archaius.configurationSource.additionalUrls or make config.properties available on classpath.
2020-04-22 15:31:05,333  INFO ThreadPoolTaskExecutor:171 - Initializing ExecutorService 'applicationTaskExecutor'
2020-04-22 15:31:07,914  WARN BlockingLoadBalancerClientAutoConfiguration$BlockingLoadBalancerClientRibbonWarnLogger:86 - You already have RibbonLoadBalancerClient on your classpath. It will be used by default. As Spring Cloud Ribbon is in maintenance mode. We recommend switching to BlockingLoadBalancerClient instead. In order to use it, set the value of `spring.cloud.loadbalancer.ribbon.enabled` to `false` or remove spring-cloud-starter-netflix-ribbon from your project.
2020-04-22 15:31:08,012  INFO InstanceInfoFactory:72 - Setting initial instance status as: STARTING
2020-04-22 15:31:09,106  INFO DiscoveryClient:368 - Initializing Eureka in region us-east-1
2020-04-22 15:31:10,013  INFO DiscoveryJerseyProvider:70 - Using JSON encoding codec LegacyJacksonJson
2020-04-22 15:31:10,014  INFO DiscoveryJerseyProvider:71 - Using JSON decoding codec LegacyJacksonJson
2020-04-22 15:31:10,307  INFO DiscoveryJerseyProvider:80 - Using XML encoding codec XStreamXml
2020-04-22 15:31:10,307  INFO DiscoveryJerseyProvider:81 - Using XML decoding codec XStreamXml
2020-04-22 15:31:10,882  INFO ConfigClusterResolver:43 - Resolving eureka endpoints via configuration
2020-04-22 15:31:11,484  INFO DiscoveryClient:981 - Disable delta property : false
2020-04-22 15:31:11,485  INFO DiscoveryClient:982 - Single vip registry refresh property : null
2020-04-22 15:31:11,485  INFO DiscoveryClient:983 - Force full registry fetch : false
2020-04-22 15:31:11,486  INFO DiscoveryClient:984 - Application is null : false
2020-04-22 15:31:11,486  INFO DiscoveryClient:985 - Registered Applications size is zero : true
2020-04-22 15:31:11,486  INFO DiscoveryClient:987 - Application version is -1: true
2020-04-22 15:31:11,487  INFO DiscoveryClient:1070 - Getting all instance registry info from the eureka server
2020-04-22 15:31:14,564  INFO DiscoveryClient:1079 - The response status is 200
2020-04-22 15:31:14,567  INFO DiscoveryClient:1294 - Starting heartbeat executor: renew interval is: 30
2020-04-22 15:31:14,570  INFO InstanceInfoReplicator:60 - InstanceInfoReplicator onDemand update allowed rate per min is 4
2020-04-22 15:31:14,575  INFO DiscoveryClient:468 - Discovery Client initialized at timestamp 1587540674573 with initial instances count: 0
2020-04-22 15:31:14,578  INFO EurekaServiceRegistry:41 - Registering application EUREKA_CLIENT_EXAMPLE1 with eureka with status UP
2020-04-22 15:31:14,579  INFO DiscoveryClient:1330 - Saw local status change event StatusChangeEvent [timestamp=1587540674579, current=UP, previous=STARTING]
2020-04-22 15:31:14,583  INFO DiscoveryClient:847 - DiscoveryClient_EUREKA_CLIENT_EXAMPLE1/windows10.microdone.cn:eureka_client_example1:9001: registering service...
2020-04-22 15:31:14,583  INFO DocumentationPluginsBootstrapper:160 - Context refreshed
2020-04-22 15:31:14,988  INFO DocumentationPluginsBootstrapper:163 - Found 1 custom documentation plugin(s)
2020-04-22 15:31:15,261  INFO ApiListingReferenceScanner:41 - Scanning for api listing references
2020-04-22 15:31:15,750  INFO TomcatWebServer:204 - Tomcat started on port(s): 9001 (http) with context path ''
2020-04-22 15:31:15,752  INFO EurekaAutoServiceRegistration:145 - Updating port to 9001
2020-04-22 15:31:16,752  INFO EurekaClientApplication:61 - Started EurekaClientApplication in 21.421 seconds (JVM running for 22.733)
2020-04-22 15:31:17,569  INFO DiscoveryClient:856 - DiscoveryClient_EUREKA_CLIENT_EXAMPLE1/windows10.microdone.cn:eureka_client_example1:9001 - registration status: 204
2020-04-22 15:31:44,569  INFO DiscoveryClient:981 - Disable delta property : false
2020-04-22 15:31:44,570  INFO DiscoveryClient:982 - Single vip registry refresh property : null
2020-04-22 15:31:44,570  INFO DiscoveryClient:983 - Force full registry fetch : false
2020-04-22 15:31:44,571  INFO DiscoveryClient:984 - Application is null : false
2020-04-22 15:31:44,571  INFO DiscoveryClient:985 - Registered Applications size is zero : true
2020-04-22 15:31:44,571  INFO DiscoveryClient:987 - Application version is -1: false
2020-04-22 15:31:44,574  INFO DiscoveryClient:1070 - Getting all instance registry info from the eureka server
2020-04-22 15:31:44,703  INFO DiscoveryClient:1079 - The response status is 200
2020-04-22 15:36:11,493  INFO ConfigClusterResolver:43 - Resolving eureka endpoints via configuration
2020-04-22 15:41:11,495  INFO ConfigClusterResolver:43 - Resolving eureka endpoints via configuration
2020-04-22 15:46:11,496  INFO ConfigClusterResolver:43 - Resolving eureka endpoints via configuration
2020-04-22 15:51:11,498  INFO ConfigClusterResolver:43 - Resolving eureka endpoints via configuration
2020-04-22 15:56:11,500  INFO ConfigClusterResolver:43 - Resolving eureka endpoints via configuration
2020-04-22 16:01:11,502  INFO ConfigClusterResolver:43 - Resolving eureka endpoints via configuration
2020-04-22 16:06:11,504  INFO ConfigClusterResolver:43 - Resolving eureka endpoints via configuration
2020-04-22 16:11:11,506  INFO ConfigClusterResolver:43 - Resolving eureka endpoints via configuration
2020-04-22 16:16:11,507  INFO ConfigClusterResolver:43 - Resolving eureka endpoints via configuration
2020-04-22 16:21:11,510  INFO ConfigClusterResolver:43 - Resolving eureka endpoints via configuration
2020-04-22 16:26:11,511  INFO ConfigClusterResolver:43 - Resolving eureka endpoints via configuration
2020-04-22 16:31:11,514  INFO ConfigClusterResolver:43 - Resolving eureka endpoints via configuration
2020-04-22 16:36:11,517  INFO ConfigClusterResolver:43 - Resolving eureka endpoints via configuration
2020-04-22 16:41:11,519  INFO ConfigClusterResolver:43 - Resolving eureka endpoints via configuration
2020-04-22 16:46:11,520  INFO ConfigClusterResolver:43 - Resolving eureka endpoints via configuration
2020-04-22 16:51:11,521  INFO ConfigClusterResolver:43 - Resolving eureka endpoints via configuration
2020-04-22 16:56:11,523  INFO ConfigClusterResolver:43 - Resolving eureka endpoints via configuration
2020-04-22 17:01:11,546  INFO ConfigClusterResolver:43 - Resolving eureka endpoints via configuration
2020-04-22 17:06:11,549  INFO ConfigClusterResolver:43 - Resolving eureka endpoints via configuration
2020-04-22 17:11:11,560  INFO ConfigClusterResolver:43 - Resolving eureka endpoints via configuration
2020-04-22 17:16:11,564  INFO ConfigClusterResolver:43 - Resolving eureka endpoints via configuration
2020-04-22 17:21:11,594  INFO ConfigClusterResolver:43 - Resolving eureka endpoints via configuration
2020-04-22 17:26:11,679  INFO ConfigClusterResolver:43 - Resolving eureka endpoints via configuration
2020-04-22 17:31:11,725  INFO ConfigClusterResolver:43 - Resolving eureka endpoints via configuration
2020-04-22 17:36:11,727  INFO ConfigClusterResolver:43 - Resolving eureka endpoints via configuration
2020-04-22 17:41:11,730  INFO ConfigClusterResolver:43 - Resolving eureka endpoints via configuration
2020-04-22 17:46:11,732  INFO ConfigClusterResolver:43 - Resolving eureka endpoints via configuration
2020-04-22 17:51:11,734  INFO ConfigClusterResolver:43 - Resolving eureka endpoints via configuration
2020-04-22 17:56:11,762  INFO ConfigClusterResolver:43 - Resolving eureka endpoints via configuration
2020-04-22 18:01:11,763  INFO ConfigClusterResolver:43 - Resolving eureka endpoints via configuration
2020-04-22 18:23:58,644  INFO ConfigClusterResolver:43 - Resolving eureka endpoints via configuration
2020-04-22 18:29:02,578  INFO ConfigClusterResolver:43 - Resolving eureka endpoints via configuration
2020-04-22 20:50:18,032  INFO ConfigClusterResolver:43 - Resolving eureka endpoints via configuration
2020-04-22 20:55:18,057  INFO ConfigClusterResolver:43 - Resolving eureka endpoints via configuration
2020-04-22 21:00:18,095  INFO ConfigClusterResolver:43 - Resolving eureka endpoints via configuration
2020-04-22 21:05:18,106  INFO ConfigClusterResolver:43 - Resolving eureka endpoints via configuration
2020-04-22 21:10:18,119  INFO ConfigClusterResolver:43 - Resolving eureka endpoints via configuration
2020-04-22 21:15:18,146  INFO ConfigClusterResolver:43 - Resolving eureka endpoints via configuration
2020-04-22 21:20:18,148  INFO ConfigClusterResolver:43 - Resolving eureka endpoints via configuration
2020-04-22 21:25:18,149  INFO ConfigClusterResolver:43 - Resolving eureka endpoints via configuration
2020-04-22 21:26:29,544  INFO DispatcherServlet:525 - Initializing Servlet 'dispatcherServlet'
2020-04-22 21:26:30,582  INFO DispatcherServlet:547 - Completed initialization in 1026 ms
2020-04-22 21:26:31,450  WARN DefaultHandlerExceptionResolver:199 - Resolved [org.springframework.web.HttpRequestMethodNotSupportedException: Request method 'GET' not supported]
2020-04-22 21:27:57,678  INFO TbhCaseServiceImpl:30 - --------
2020-04-22 21:27:58,156  INFO HikariDataSource:110 - HikariPool-1 - Starting...
2020-04-22 21:27:58,312  WARN DriverDataSource:70 - Registered driver with driverClassName=oracle.jdbc.driver.OracleDriver was not found, trying direct instantiation.
2020-04-22 21:28:01,653  INFO PoolBase:527 - HikariPool-1 - Driver does not support get/set network timeout for connections. (oracle.jdbc.driver.T4CConnection.getNetworkTimeout()I)
2020-04-22 21:28:01,683  INFO HikariDataSource:123 - HikariPool-1 - Start completed.
2020-04-22 21:30:18,150  INFO ConfigClusterResolver:43 - Resolving eureka endpoints via configuration
2020-04-22 21:35:18,151  INFO ConfigClusterResolver:43 - Resolving eureka endpoints via configuration
2020-04-22 21:37:44,372  INFO Version:21 - HV000001: Hibernate Validator 6.0.18.Final
2020-04-22 21:37:48,533 ERROR SpringApplication:826 - Application run failed
java.lang.IllegalStateException: Failed to load property source from location 'classpath:/application.yml'
	at org.springframework.boot.context.config.ConfigFileApplicationListener$Loader.load(ConfigFileApplicationListener.java:545)
	at org.springframework.boot.context.config.ConfigFileApplicationListener$Loader.loadForFileExtension(ConfigFileApplicationListener.java:494)
	at org.springframework.boot.context.config.ConfigFileApplicationListener$Loader.load(ConfigFileApplicationListener.java:464)
	at org.springframework.boot.context.config.ConfigFileApplicationListener$Loader.lambda$null$7(ConfigFileApplicationListener.java:443)
	at java.lang.Iterable.forEach(Iterable.java:75)
	at org.springframework.boot.context.config.ConfigFileApplicationListener$Loader.lambda$load$8(ConfigFileApplicationListener.java:443)
	at java.lang.Iterable.forEach(Iterable.java:75)
	at org.springframework.boot.context.config.ConfigFileApplicationListener$Loader.load(ConfigFileApplicationListener.java:440)
	at org.springframework.boot.context.config.ConfigFileApplicationListener$Loader.lambda$load$0(ConfigFileApplicationListener.java:335)
	at org.springframework.boot.context.config.FilteredPropertySource.apply(FilteredPropertySource.java:54)
	at org.springframework.boot.context.config.ConfigFileApplicationListener$Loader.load(ConfigFileApplicationListener.java:323)
	at org.springframework.boot.context.config.ConfigFileApplicationListener.addPropertySources(ConfigFileApplicationListener.java:214)
	at org.springframework.boot.context.config.ConfigFileApplicationListener.postProcessEnvironment(ConfigFileApplicationListener.java:198)
	at org.springframework.boot.context.config.ConfigFileApplicationListener.onApplicationEnvironmentPreparedEvent(ConfigFileApplicationListener.java:188)
	at org.springframework.boot.context.config.ConfigFileApplicationListener.onApplicationEvent(ConfigFileApplicationListener.java:176)
	at org.springframework.context.event.SimpleApplicationEventMulticaster.doInvokeListener(SimpleApplicationEventMulticaster.java:172)
	at org.springframework.context.event.SimpleApplicationEventMulticaster.invokeListener(SimpleApplicationEventMulticaster.java:165)
	at org.springframework.context.event.SimpleApplicationEventMulticaster.multicastEvent(SimpleApplicationEventMulticaster.java:139)
	at org.springframework.context.event.SimpleApplicationEventMulticaster.multicastEvent(SimpleApplicationEventMulticaster.java:127)
	at org.springframework.boot.context.event.EventPublishingRunListener.environmentPrepared(EventPublishingRunListener.java:76)
	at org.springframework.boot.SpringApplicationRunListeners.environmentPrepared(SpringApplicationRunListeners.java:53)
	at org.springframework.boot.SpringApplication.prepareEnvironment(SpringApplication.java:345)
	at org.springframework.boot.SpringApplication.run(SpringApplication.java:308)
	at org.springframework.boot.SpringApplication.run(SpringApplication.java:1226)
	at org.springframework.boot.SpringApplication.run(SpringApplication.java:1215)
	at com.tai.eureka.EurekaClientApplication.main(EurekaClientApplication.java:12)
	at sun.reflect.NativeMethodAccessorImpl.invoke0(Native Method)
	at sun.reflect.NativeMethodAccessorImpl.invoke(NativeMethodAccessorImpl.java:62)
	at sun.reflect.DelegatingMethodAccessorImpl.invoke(DelegatingMethodAccessorImpl.java:43)
	at java.lang.reflect.Method.invoke(Method.java:498)
	at com.intellij.rt.execution.application.AppMain.main(AppMain.java:144)
Caused by: org.yaml.snakeyaml.error.YAMLException: java.nio.charset.MalformedInputException: Input length = 1
	at org.yaml.snakeyaml.reader.StreamReader.update(StreamReader.java:218)
	at org.yaml.snakeyaml.reader.StreamReader.ensureEnoughData(StreamReader.java:176)
	at org.yaml.snakeyaml.reader.StreamReader.ensureEnoughData(StreamReader.java:171)
	at org.yaml.snakeyaml.reader.StreamReader.peek(StreamReader.java:126)
	at org.yaml.snakeyaml.scanner.ScannerImpl.scanToNextToken(ScannerImpl.java:1177)
	at org.yaml.snakeyaml.scanner.ScannerImpl.fetchMoreTokens(ScannerImpl.java:287)
	at org.yaml.snakeyaml.scanner.ScannerImpl.checkToken(ScannerImpl.java:227)
	at org.yaml.snakeyaml.parser.ParserImpl$ParseImplicitDocumentStart.produce(ParserImpl.java:195)
	at org.yaml.snakeyaml.parser.ParserImpl.peekEvent(ParserImpl.java:158)
	at org.yaml.snakeyaml.parser.ParserImpl.checkEvent(ParserImpl.java:148)
	at org.yaml.snakeyaml.composer.Composer.checkNode(Composer.java:72)
	at org.yaml.snakeyaml.constructor.BaseConstructor.checkData(BaseConstructor.java:114)
	at org.yaml.snakeyaml.Yaml$1.hasNext(Yaml.java:543)
	at org.springframework.beans.factory.config.YamlProcessor.process(YamlProcessor.java:160)
	at org.springframework.beans.factory.config.YamlProcessor.process(YamlProcessor.java:134)
	at org.springframework.boot.env.OriginTrackedYamlLoader.load(OriginTrackedYamlLoader.java:75)
	at org.springframework.boot.env.YamlPropertySourceLoader.load(YamlPropertySourceLoader.java:50)
	at org.springframework.boot.context.config.ConfigFileApplicationListener$Loader.loadDocuments(ConfigFileApplicationListener.java:562)
	at org.springframework.boot.context.config.ConfigFileApplicationListener$Loader.load(ConfigFileApplicationListener.java:518)
	... 30 more
Caused by: java.nio.charset.MalformedInputException: Input length = 1
	at java.nio.charset.CoderResult.throwException(CoderResult.java:281)
	at sun.nio.cs.StreamDecoder.implRead(StreamDecoder.java:339)
	at sun.nio.cs.StreamDecoder.read(StreamDecoder.java:178)
	at java.io.InputStreamReader.read(InputStreamReader.java:184)
	at org.yaml.snakeyaml.reader.UnicodeReader.read(UnicodeReader.java:125)
	at org.yaml.snakeyaml.reader.StreamReader.update(StreamReader.java:183)
	... 48 more
2020-04-22 21:40:18,152  INFO ConfigClusterResolver:43 - Resolving eureka endpoints via configuration
2020-04-22 21:45:18,153  INFO ConfigClusterResolver:43 - Resolving eureka endpoints via configuration
2020-04-22 21:50:18,153  INFO ConfigClusterResolver:43 - Resolving eureka endpoints via configuration
2020-04-22 21:55:18,155  INFO ConfigClusterResolver:43 - Resolving eureka endpoints via configuration
2020-04-22 22:00:18,159  INFO ConfigClusterResolver:43 - Resolving eureka endpoints via configuration
2020-04-22 22:01:09,789  INFO TbhCaseServiceImpl:30 - --------
