2020-04-27 15:05:08,319  INFO Version:21 - HV000001: Hibernate Validator 6.0.18.Final
2020-04-27 15:05:12,786  INFO EurekaServerApplication:651 - No active profile set, falling back to default profiles: default
2020-04-27 15:05:14,860  WARN EndpointId:155 - Endpoint ID 'service-registry' contains invalid characters, please migrate to a valid format.
2020-04-27 15:05:15,173  INFO GenericScope:295 - BeanFactory id=408329f6-27fa-3323-bd6d-0438068198ad
2020-04-27 15:05:16,426  INFO TomcatWebServer:92 - Tomcat initialized with port(s): 9000 (http)
2020-04-27 15:05:17,537  INFO ContextLoader:284 - Root WebApplicationContext: initialization completed in 4702 ms
2020-04-27 15:05:17,722  WARN URLConfigurationSource:121 - No URLs will be polled as dynamic configuration sources.
2020-04-27 15:05:17,723  INFO URLConfigurationSource:122 - To enable URLs as dynamic configuration sources, define System property archaius.configurationSource.additionalUrls or make config.properties available on classpath.
2020-04-27 15:05:17,778  INFO DynamicPropertyFactory:281 - DynamicPropertyFactory is initialized with configuration sources: com.netflix.config.ConcurrentCompositeConfiguration@351f2244
2020-04-27 15:05:19,893  INFO DiscoveryJerseyProvider:70 - Using JSON encoding codec LegacyJacksonJson
2020-04-27 15:05:19,894  INFO DiscoveryJerseyProvider:71 - Using JSON decoding codec LegacyJacksonJson
2020-04-27 15:05:20,398  INFO DiscoveryJerseyProvider:80 - Using XML encoding codec XStreamXml
2020-04-27 15:05:20,399  INFO DiscoveryJerseyProvider:81 - Using XML decoding codec XStreamXml
2020-04-27 15:05:21,129  WARN URLConfigurationSource:121 - No URLs will be polled as dynamic configuration sources.
2020-04-27 15:05:21,129  INFO URLConfigurationSource:122 - To enable URLs as dynamic configuration sources, define System property archaius.configurationSource.additionalUrls or make config.properties available on classpath.
2020-04-27 15:05:21,681  INFO ThreadPoolTaskExecutor:171 - Initializing ExecutorService 'applicationTaskExecutor'
2020-04-27 15:05:23,480  WARN BlockingLoadBalancerClientAutoConfiguration$BlockingLoadBalancerClientRibbonWarnLogger:86 - You already have RibbonLoadBalancerClient on your classpath. It will be used by default. As Spring Cloud Ribbon is in maintenance mode. We recommend switching to BlockingLoadBalancerClient instead. In order to use it, set the value of `spring.cloud.loadbalancer.ribbon.enabled` to `false` or remove spring-cloud-starter-netflix-ribbon from your project.
2020-04-27 15:05:23,627  INFO InstanceInfoFactory:72 - Setting initial instance status as: STARTING
2020-04-27 15:05:23,713  INFO DiscoveryClient:368 - Initializing Eureka in region us-east-1
2020-04-27 15:05:23,713  INFO DiscoveryClient:371 - Client configured to neither register nor query for data.
2020-04-27 15:05:23,756  INFO DiscoveryClient:384 - Discovery Client initialized at timestamp 1587971123725 with initial instances count: 0
2020-04-27 15:05:23,813  INFO DefaultEurekaServerContext:66 - Initializing ...
2020-04-27 15:05:23,816  WARN PeerEurekaNodes:155 - The replica size seems to be empty. Check the route 53 DNS Registry
2020-04-27 15:05:23,846  INFO AbstractInstanceRegistry:153 - Finished initializing remote region registries. All known remote regions: []
2020-04-27 15:05:23,848  INFO DefaultEurekaServerContext:73 - Initialized
2020-04-27 15:05:23,883  INFO EndpointLinksResolver:58 - Exposing 2 endpoint(s) beneath base path '/actuator'
2020-04-27 15:05:23,996  INFO EurekaServiceRegistry:41 - Registering application EUREKA_SERVER with eureka with status UP
2020-04-27 15:05:23,999  INFO EurekaServerBootstrap:110 - Setting the eureka configuration..
2020-04-27 15:05:24,000  INFO EurekaServerBootstrap:115 - Eureka data center value eureka.datacenter is not set, defaulting to default
2020-04-27 15:05:24,001  INFO EurekaServerBootstrap:129 - Eureka environment value eureka.environment is not set, defaulting to test
2020-04-27 15:05:24,125  INFO EurekaServerBootstrap:188 - isAws returned false
2020-04-27 15:05:24,126  INFO EurekaServerBootstrap:153 - Initialized server context
2020-04-27 15:05:24,126  INFO PeerAwareInstanceRegistryImpl:242 - Got 1 instances from neighboring DS node
2020-04-27 15:05:24,126  INFO PeerAwareInstanceRegistryImpl:243 - Renew threshold is: 1
2020-04-27 15:05:24,126  INFO PeerAwareInstanceRegistryImpl:254 - Changing status to UP
2020-04-27 15:05:24,138  INFO EurekaServerInitializerConfiguration:72 - Started Eureka Server
2020-04-27 15:05:24,165  INFO TomcatWebServer:204 - Tomcat started on port(s): 9000 (http) with context path ''
2020-04-27 15:05:24,167  INFO EurekaAutoServiceRegistration:145 - Updating port to 9000
2020-04-27 15:05:24,948  INFO EurekaServerApplication:61 - Started EurekaServerApplication in 17.605 seconds (JVM running for 24.351)
2020-04-27 15:05:26,311  INFO DispatcherServlet:525 - Initializing Servlet 'dispatcherServlet'
2020-04-27 15:05:26,319  INFO DispatcherServlet:547 - Completed initialization in 8 ms
2020-04-27 15:06:24,129  INFO AbstractInstanceRegistry:1247 - Running the evict task with compensationTime 0ms
2020-04-27 15:07:24,129  INFO AbstractInstanceRegistry:1247 - Running the evict task with compensationTime 0ms
2020-04-27 15:08:24,130  INFO AbstractInstanceRegistry:1247 - Running the evict task with compensationTime 0ms
2020-04-27 15:08:44,003  INFO AbstractInstanceRegistry:266 - Registered instance EUREKA-CLIENT-EXAMPLE2/192.168.2.156:9002 with status UP (replication=false)
2020-04-27 15:09:14,025  INFO AbstractInstanceRegistry:266 - Registered instance EUREKA-CLIENT-EXAMPLE1/192.168.2.156:9001 with status UP (replication=false)
2020-04-27 15:09:24,130  INFO AbstractInstanceRegistry:1247 - Running the evict task with compensationTime 0ms
2020-04-27 15:10:24,131  INFO AbstractInstanceRegistry:1247 - Running the evict task with compensationTime 0ms
2020-04-27 15:11:17,595  INFO AbstractInstanceRegistry:266 - Registered instance EUREKA-CLIENT-EXAMPLE1/192.168.2.156:9011 with status UP (replication=false)
2020-04-27 15:11:24,131  INFO AbstractInstanceRegistry:1247 - Running the evict task with compensationTime 0ms
2020-04-27 15:12:24,132  INFO AbstractInstanceRegistry:1247 - Running the evict task with compensationTime 0ms
2020-04-27 15:13:24,132  INFO AbstractInstanceRegistry:1247 - Running the evict task with compensationTime 0ms
2020-04-27 15:14:24,133  INFO AbstractInstanceRegistry:1247 - Running the evict task with compensationTime 0ms
2020-04-27 15:14:58,015  INFO AbstractInstanceRegistry:266 - Registered instance EUREKA-CLIENT-EXAMPLE1/192.168.2.156:9011 with status UP (replication=false)
2020-04-27 15:14:58,344  INFO AbstractInstanceRegistry:266 - Registered instance EUREKA-CLIENT-EXAMPLE1/192.168.2.156:9011 with status DOWN (replication=false)
2020-04-27 15:15:01,366  INFO AbstractInstanceRegistry:328 - Cancelled instance EUREKA-CLIENT-EXAMPLE1/192.168.2.156:9011 (replication=false)
2020-04-27 15:15:17,495  WARN AbstractInstanceRegistry:360 - DS: Registry: lease doesn't exist, registering resource: EUREKA-CLIENT-EXAMPLE1 - 192.168.2.156:9011
2020-04-27 15:15:17,496  WARN InstanceResource:116 - Not Found (Renew): EUREKA-CLIENT-EXAMPLE1 - 192.168.2.156:9011
2020-04-27 15:15:17,506  INFO AbstractInstanceRegistry:266 - Registered instance EUREKA-CLIENT-EXAMPLE1/192.168.2.156:9011 with status UP (replication=false)
2020-04-27 15:15:23,819  WARN PeerEurekaNodes:155 - The replica size seems to be empty. Check the route 53 DNS Registry
2020-04-27 15:15:24,133  INFO AbstractInstanceRegistry:1247 - Running the evict task with compensationTime 0ms
2020-04-27 15:15:40,783  INFO AbstractInstanceRegistry:266 - Registered instance EUREKA-CLIENT-EXAMPLE1/192.168.2.156:9001 with status UP (replication=false)
2020-04-27 15:16:19,760  INFO AbstractInstanceRegistry:266 - Registered instance EUREKA-CLIENT-EXAMPLE1/192.168.2.156:9011 with status UP (replication=false)
2020-04-27 15:16:19,981  INFO AbstractInstanceRegistry:266 - Registered instance EUREKA-CLIENT-EXAMPLE1/192.168.2.156:9011 with status DOWN (replication=false)
2020-04-27 15:16:22,996  INFO AbstractInstanceRegistry:328 - Cancelled instance EUREKA-CLIENT-EXAMPLE1/192.168.2.156:9011 (replication=false)
2020-04-27 15:16:24,133  INFO AbstractInstanceRegistry:1247 - Running the evict task with compensationTime 0ms
2020-04-27 15:16:47,525  WARN AbstractInstanceRegistry:360 - DS: Registry: lease doesn't exist, registering resource: EUREKA-CLIENT-EXAMPLE1 - 192.168.2.156:9011
2020-04-27 15:16:47,525  WARN InstanceResource:116 - Not Found (Renew): EUREKA-CLIENT-EXAMPLE1 - 192.168.2.156:9011
2020-04-27 15:16:47,532  INFO AbstractInstanceRegistry:266 - Registered instance EUREKA-CLIENT-EXAMPLE1/192.168.2.156:9011 with status UP (replication=false)
2020-04-27 15:17:24,134  INFO AbstractInstanceRegistry:1247 - Running the evict task with compensationTime 0ms
2020-04-27 15:18:07,818  INFO AbstractInstanceRegistry:266 - Registered instance EUREKA-CLIENT-EXAMPLE1/192.168.2.156:9011 with status UP (replication=false)
2020-04-27 15:18:24,135  INFO AbstractInstanceRegistry:1247 - Running the evict task with compensationTime 0ms
2020-04-27 15:19:24,135  INFO AbstractInstanceRegistry:1247 - Running the evict task with compensationTime 0ms
2020-04-27 15:20:23,847  INFO PeerAwareInstanceRegistryImpl:534 - Current renewal threshold is : 0
2020-04-27 15:20:24,136  INFO AbstractInstanceRegistry:1247 - Running the evict task with compensationTime 1ms
2020-04-27 15:21:24,137  INFO AbstractInstanceRegistry:1247 - Running the evict task with compensationTime 0ms
2020-04-27 15:22:24,137  INFO AbstractInstanceRegistry:1247 - Running the evict task with compensationTime 0ms
2020-04-27 15:23:24,138  INFO AbstractInstanceRegistry:1247 - Running the evict task with compensationTime 0ms
2020-04-27 15:24:24,138  INFO AbstractInstanceRegistry:1247 - Running the evict task with compensationTime 0ms
2020-04-27 15:25:23,820  WARN PeerEurekaNodes:155 - The replica size seems to be empty. Check the route 53 DNS Registry
2020-04-27 15:25:24,138  INFO AbstractInstanceRegistry:1247 - Running the evict task with compensationTime 0ms
2020-04-27 15:26:24,138  INFO AbstractInstanceRegistry:1247 - Running the evict task with compensationTime 0ms
2020-04-27 15:27:24,138  INFO AbstractInstanceRegistry:1247 - Running the evict task with compensationTime 0ms
2020-04-27 15:28:24,139  INFO AbstractInstanceRegistry:1247 - Running the evict task with compensationTime 0ms
2020-04-27 15:29:24,139  INFO AbstractInstanceRegistry:1247 - Running the evict task with compensationTime 0ms
2020-04-27 15:30:24,139  INFO AbstractInstanceRegistry:1247 - Running the evict task with compensationTime 0ms
2020-04-27 15:31:24,140  INFO AbstractInstanceRegistry:1247 - Running the evict task with compensationTime 0ms
2020-04-27 15:32:24,140  INFO AbstractInstanceRegistry:1247 - Running the evict task with compensationTime 0ms
2020-04-27 15:33:24,141  INFO AbstractInstanceRegistry:1247 - Running the evict task with compensationTime 0ms
2020-04-27 15:34:24,142  INFO AbstractInstanceRegistry:1247 - Running the evict task with compensationTime 0ms
2020-04-27 15:35:23,822  WARN PeerEurekaNodes:155 - The replica size seems to be empty. Check the route 53 DNS Registry
2020-04-27 15:35:23,882  INFO PeerAwareInstanceRegistryImpl:534 - Current renewal threshold is : 0
2020-04-27 15:35:24,142  INFO AbstractInstanceRegistry:1247 - Running the evict task with compensationTime 0ms
2020-04-27 15:36:24,143  INFO AbstractInstanceRegistry:1247 - Running the evict task with compensationTime 0ms
2020-04-27 15:37:24,144  INFO AbstractInstanceRegistry:1247 - Running the evict task with compensationTime 0ms
2020-04-27 15:38:24,144  INFO AbstractInstanceRegistry:1247 - Running the evict task with compensationTime 0ms
2020-04-27 15:39:24,144  INFO AbstractInstanceRegistry:1247 - Running the evict task with compensationTime 0ms
2020-04-27 15:40:24,145  INFO AbstractInstanceRegistry:1247 - Running the evict task with compensationTime 0ms
2020-04-27 15:41:24,178  INFO AbstractInstanceRegistry:1247 - Running the evict task with compensationTime 33ms
2020-04-27 15:42:24,184  INFO AbstractInstanceRegistry:1247 - Running the evict task with compensationTime 6ms
2020-04-27 15:43:24,184  INFO AbstractInstanceRegistry:1247 - Running the evict task with compensationTime 0ms
2020-04-27 15:44:24,185  INFO AbstractInstanceRegistry:1247 - Running the evict task with compensationTime 0ms
2020-04-27 15:45:23,878  WARN PeerEurekaNodes:155 - The replica size seems to be empty. Check the route 53 DNS Registry
2020-04-27 15:45:24,186  INFO AbstractInstanceRegistry:1247 - Running the evict task with compensationTime 0ms
2020-04-27 15:45:24,186  INFO AbstractInstanceRegistry:618 - Evicting 1 items (expired=1, evictionLimit=1)
2020-04-27 15:45:24,207  WARN AbstractInstanceRegistry:630 - DS: Registry: expired lease for EUREKA-CLIENT-EXAMPLE1/192.168.2.156:9011
2020-04-27 15:45:24,208  INFO AbstractInstanceRegistry:328 - Cancelled instance EUREKA-CLIENT-EXAMPLE1/192.168.2.156:9011 (replication=false)
2020-04-27 15:46:24,186  INFO AbstractInstanceRegistry:1247 - Running the evict task with compensationTime 0ms
2020-04-27 15:47:24,186  INFO AbstractInstanceRegistry:1247 - Running the evict task with compensationTime 0ms
2020-04-27 15:48:24,187  INFO AbstractInstanceRegistry:1247 - Running the evict task with compensationTime 0ms
2020-04-27 15:48:43,369  INFO AbstractInstanceRegistry:266 - Registered instance EUREKA-CLIENT-EXAMPLE1/192.168.2.156:9001 with status UP (replication=false)
2020-04-27 15:49:24,188  INFO AbstractInstanceRegistry:1247 - Running the evict task with compensationTime 0ms
2020-04-27 15:50:23,848  INFO PeerAwareInstanceRegistryImpl:534 - Current renewal threshold is : 0
2020-04-27 15:50:24,188  INFO AbstractInstanceRegistry:1247 - Running the evict task with compensationTime 0ms
2020-04-27 15:50:36,905  INFO AbstractInstanceRegistry:266 - Registered instance EUREKA-CLIENT-EXAMPLE1/192.168.2.156:9011 with status UP (replication=false)
2020-04-27 15:51:24,188  INFO AbstractInstanceRegistry:1247 - Running the evict task with compensationTime 0ms
2020-04-27 15:52:24,189  INFO AbstractInstanceRegistry:1247 - Running the evict task with compensationTime 0ms
2020-04-27 15:53:24,189  INFO AbstractInstanceRegistry:1247 - Running the evict task with compensationTime 0ms
2020-04-27 15:54:24,189  INFO AbstractInstanceRegistry:1247 - Running the evict task with compensationTime 0ms
2020-04-27 15:55:23,924  WARN PeerEurekaNodes:155 - The replica size seems to be empty. Check the route 53 DNS Registry
2020-04-27 15:55:24,190  INFO AbstractInstanceRegistry:1247 - Running the evict task with compensationTime 0ms
2020-04-27 15:56:24,190  INFO AbstractInstanceRegistry:1247 - Running the evict task with compensationTime 0ms
2020-04-27 15:57:24,190  INFO AbstractInstanceRegistry:1247 - Running the evict task with compensationTime 0ms
2020-04-27 15:58:24,191  INFO AbstractInstanceRegistry:1247 - Running the evict task with compensationTime 0ms
2020-04-27 15:59:24,191  INFO AbstractInstanceRegistry:1247 - Running the evict task with compensationTime 0ms
2020-04-27 16:00:24,192  INFO AbstractInstanceRegistry:1247 - Running the evict task with compensationTime 0ms
2020-04-27 16:01:24,193  INFO AbstractInstanceRegistry:1247 - Running the evict task with compensationTime 0ms
2020-04-27 16:02:24,193  INFO AbstractInstanceRegistry:1247 - Running the evict task with compensationTime 0ms
2020-04-27 16:03:24,193  INFO AbstractInstanceRegistry:1247 - Running the evict task with compensationTime 0ms
2020-04-27 16:04:24,194  INFO AbstractInstanceRegistry:1247 - Running the evict task with compensationTime 0ms
2020-04-27 16:05:23,861  INFO PeerAwareInstanceRegistryImpl:534 - Current renewal threshold is : 0
2020-04-27 16:05:23,933  WARN PeerEurekaNodes:155 - The replica size seems to be empty. Check the route 53 DNS Registry
2020-04-27 16:05:24,195  INFO AbstractInstanceRegistry:1247 - Running the evict task with compensationTime 0ms
2020-04-27 16:06:24,195  INFO AbstractInstanceRegistry:1247 - Running the evict task with compensationTime 0ms
2020-04-27 16:07:24,196  INFO AbstractInstanceRegistry:1247 - Running the evict task with compensationTime 0ms
2020-04-27 16:08:24,196  INFO AbstractInstanceRegistry:1247 - Running the evict task with compensationTime 0ms
2020-04-27 16:09:24,196  INFO AbstractInstanceRegistry:1247 - Running the evict task with compensationTime 0ms
2020-04-27 16:10:24,196  INFO AbstractInstanceRegistry:1247 - Running the evict task with compensationTime 0ms
2020-04-27 16:11:24,196  INFO AbstractInstanceRegistry:1247 - Running the evict task with compensationTime 0ms
2020-04-27 16:12:24,197  INFO AbstractInstanceRegistry:1247 - Running the evict task with compensationTime 0ms
2020-04-27 16:12:57,212  INFO AbstractInstanceRegistry:266 - Registered instance EUREKA-CLIENT-EXAMPLE1/192.168.2.156:9001 with status UP (replication=false)
2020-04-27 16:13:24,197  INFO AbstractInstanceRegistry:1247 - Running the evict task with compensationTime 0ms
2020-04-27 16:13:25,590  INFO AbstractInstanceRegistry:266 - Registered instance EUREKA-CLIENT-EXAMPLE1/192.168.2.156:9011 with status UP (replication=false)
2020-04-27 16:13:55,813  INFO AbstractInstanceRegistry:266 - Registered instance EUREKA-CLIENT-EXAMPLE2/192.168.2.156:9002 with status UP (replication=false)
2020-04-27 16:14:24,197  INFO AbstractInstanceRegistry:1247 - Running the evict task with compensationTime 0ms
2020-04-27 16:15:23,936  WARN PeerEurekaNodes:155 - The replica size seems to be empty. Check the route 53 DNS Registry
2020-04-27 16:15:24,197  INFO AbstractInstanceRegistry:1247 - Running the evict task with compensationTime 0ms
2020-04-27 16:16:24,198  INFO AbstractInstanceRegistry:1247 - Running the evict task with compensationTime 0ms
2020-04-27 16:17:24,198  INFO AbstractInstanceRegistry:1247 - Running the evict task with compensationTime 0ms
2020-04-27 16:18:24,198  INFO AbstractInstanceRegistry:1247 - Running the evict task with compensationTime 0ms
2020-04-27 16:19:24,198  INFO AbstractInstanceRegistry:1247 - Running the evict task with compensationTime 0ms
2020-04-27 16:20:23,849  INFO PeerAwareInstanceRegistryImpl:534 - Current renewal threshold is : 0
2020-04-27 16:20:24,199  INFO AbstractInstanceRegistry:1247 - Running the evict task with compensationTime 0ms
2020-04-27 16:20:24,227  INFO AbstractInstanceRegistry:618 - Evicting 1 items (expired=1, evictionLimit=1)
2020-04-27 16:20:24,232  WARN AbstractInstanceRegistry:630 - DS: Registry: expired lease for EUREKA-CLIENT-EXAMPLE1/192.168.2.156:9011
2020-04-27 16:20:24,243  INFO AbstractInstanceRegistry:328 - Cancelled instance EUREKA-CLIENT-EXAMPLE1/192.168.2.156:9011 (replication=false)
2020-04-27 16:21:24,199  INFO AbstractInstanceRegistry:1247 - Running the evict task with compensationTime 0ms
2020-04-27 16:22:24,199  INFO AbstractInstanceRegistry:1247 - Running the evict task with compensationTime 0ms
2020-04-27 16:23:24,199  INFO AbstractInstanceRegistry:1247 - Running the evict task with compensationTime 0ms
2020-04-27 16:24:24,200  INFO AbstractInstanceRegistry:1247 - Running the evict task with compensationTime 0ms
2020-04-27 16:25:23,953  WARN PeerEurekaNodes:155 - The replica size seems to be empty. Check the route 53 DNS Registry
2020-04-27 16:25:24,200  INFO AbstractInstanceRegistry:1247 - Running the evict task with compensationTime 0ms
2020-04-27 16:26:24,200  INFO AbstractInstanceRegistry:1247 - Running the evict task with compensationTime 0ms
2020-04-27 16:27:24,201  INFO AbstractInstanceRegistry:1247 - Running the evict task with compensationTime 0ms
2020-04-27 16:28:24,202  INFO AbstractInstanceRegistry:1247 - Running the evict task with compensationTime 0ms
2020-04-27 16:29:24,202  INFO AbstractInstanceRegistry:1247 - Running the evict task with compensationTime 0ms
2020-04-27 16:30:24,203  INFO AbstractInstanceRegistry:1247 - Running the evict task with compensationTime 0ms
2020-04-27 16:31:24,203  INFO AbstractInstanceRegistry:1247 - Running the evict task with compensationTime 0ms
2020-04-27 16:32:24,204  INFO AbstractInstanceRegistry:1247 - Running the evict task with compensationTime 0ms
2020-04-27 16:33:24,204  INFO AbstractInstanceRegistry:1247 - Running the evict task with compensationTime 0ms
2020-04-27 16:34:24,205  INFO AbstractInstanceRegistry:1247 - Running the evict task with compensationTime 0ms
2020-04-27 16:35:23,868  INFO PeerAwareInstanceRegistryImpl:534 - Current renewal threshold is : 0
2020-04-27 16:35:23,969  WARN PeerEurekaNodes:155 - The replica size seems to be empty. Check the route 53 DNS Registry
2020-04-27 16:35:24,206  INFO AbstractInstanceRegistry:1247 - Running the evict task with compensationTime 0ms
2020-04-27 16:36:24,207  INFO AbstractInstanceRegistry:1247 - Running the evict task with compensationTime 0ms
2020-04-27 16:37:24,207  INFO AbstractInstanceRegistry:1247 - Running the evict task with compensationTime 0ms
2020-04-27 16:38:24,208  INFO AbstractInstanceRegistry:1247 - Running the evict task with compensationTime 0ms
2020-04-27 16:39:24,208  INFO AbstractInstanceRegistry:1247 - Running the evict task with compensationTime 0ms
2020-04-27 16:40:24,209  INFO AbstractInstanceRegistry:1247 - Running the evict task with compensationTime 0ms
2020-04-27 16:41:24,210  INFO AbstractInstanceRegistry:1247 - Running the evict task with compensationTime 0ms
2020-04-27 16:42:24,210  INFO AbstractInstanceRegistry:1247 - Running the evict task with compensationTime 0ms
2020-04-27 16:43:24,211  INFO AbstractInstanceRegistry:1247 - Running the evict task with compensationTime 0ms
